<?xml version="1.0" encoding="UTF-8"?>
<!-- Generated by org.testng.reporters.JUnitXMLReporter -->
<testsuite hostname="PaxoTechWin7X64" name="htmlunit" tests="9" failures="0" timestamp="28 Sep 2015 18:33:55 GMT" time="20.178" errors="0">
  <testcase name="@BeforeMethod beforeMethod" time="0.0" classname="com.lordandTaylor.testsripts.LoginBaseFanctionality">
    <failure type="org.openqa.selenium.WebDriverException" message="com.gargoylesoftware.htmlunit.ScriptException: Wrapped com.gargoylesoftware.htmlunit.ScriptException: Wrapped com.gargoylesoftware.htmlunit.ScriptException: Wrapped com.gargoylesoftware.htmlunit.ScriptException: TypeError: Cannot call method &amp;quot;indexOf&amp;quot; of undefined (http://s.btstatic.com/lib/b9fa949b97ac98685e13d5a40e9ade654cf2b299.js?v=1#43)
Build info: version: &amp;apos;2.45.0&amp;apos;, revision: &amp;apos;5017cb8e7ca8e37638dc3091b2440b90a1d8686f&amp;apos;, time: &amp;apos;2015-02-27 09:10:26&amp;apos;
System info: host: &amp;apos;PaxoTechWin7X64&amp;apos;, ip: &amp;apos;10.10.30.41&amp;apos;, os.name: &amp;apos;Windows 7&amp;apos;, os.arch: &amp;apos;amd64&amp;apos;, os.version: &amp;apos;6.1&amp;apos;, java.version: &amp;apos;1.7.0_60&amp;apos;
Driver info: driver.version: HtmlUnitDriver">
      <![CDATA[org.openqa.selenium.WebDriverException: com.gargoylesoftware.htmlunit.ScriptException: Wrapped com.gargoylesoftware.htmlunit.ScriptException: Wrapped com.gargoylesoftware.htmlunit.ScriptException: Wrapped com.gargoylesoftware.htmlunit.ScriptException: TypeError: Cannot call method "indexOf" of undefined (http://s.btstatic.com/lib/b9fa949b97ac98685e13d5a40e9ade654cf2b299.js?v=1#43)
Build info: version: '2.45.0', revision: '5017cb8e7ca8e37638dc3091b2440b90a1d8686f', time: '2015-02-27 09:10:26'
System info: host: 'PaxoTechWin7X64', ip: '10.10.30.41', os.name: 'Windows 7', os.arch: 'amd64', os.version: '6.1', java.version: '1.7.0_60'
Driver info: driver.version: HtmlUnitDriver
	at org.openqa.selenium.htmlunit.HtmlUnitDriver.get(HtmlUnitDriver.java:504)
	at org.openqa.selenium.htmlunit.HtmlUnitDriver.get(HtmlUnitDriver.java:480)
	at org.openqa.selenium.htmlunit.HtmlUnitDriver$HtmlUnitNavigation.to(HtmlUnitDriver.java:1374)
	at com.paxotech.qa.lord.ScriptBasemutliBrowser.beforeMethod(ScriptBasemutliBrowser.java:78)
	at sun.reflect.NativeMethodAccessorImpl.invoke0(Native Method)
	at sun.reflect.NativeMethodAccessorImpl.invoke(Unknown Source)
	at sun.reflect.DelegatingMethodAccessorImpl.invoke(Unknown Source)
	at java.lang.reflect.Method.invoke(Unknown Source)
	at org.testng.internal.MethodInvocationHelper.invokeMethod(MethodInvocationHelper.java:85)
	at org.testng.internal.Invoker.invokeConfigurationMethod(Invoker.java:510)
	at org.testng.internal.Invoker.invokeConfigurations(Invoker.java:211)
	at org.testng.internal.Invoker.invokeMethod(Invoker.java:585)
	at org.testng.internal.Invoker.invokeTestMethod(Invoker.java:821)
	at org.testng.internal.Invoker.invokeTestMethods(Invoker.java:1131)
	at org.testng.internal.TestMethodWorker.invokeTestMethods(TestMethodWorker.java:124)
	at org.testng.internal.TestMethodWorker.run(TestMethodWorker.java:108)
	at org.testng.TestRunner.privateRun(TestRunner.java:773)
	at org.testng.TestRunner.run(TestRunner.java:623)
	at org.testng.SuiteRunner.runTest(SuiteRunner.java:357)
	at org.testng.SuiteRunner.access$000(SuiteRunner.java:39)
	at org.testng.SuiteRunner$SuiteWorker.run(SuiteRunner.java:391)
	at org.testng.internal.thread.ThreadUtil$2.call(ThreadUtil.java:64)
	at java.util.concurrent.FutureTask.run(Unknown Source)
	at java.util.concurrent.ThreadPoolExecutor.runWorker(Unknown Source)
	at java.util.concurrent.ThreadPoolExecutor$Worker.run(Unknown Source)
	at java.lang.Thread.run(Unknown Source)
Caused by: com.gargoylesoftware.htmlunit.ScriptException: Wrapped com.gargoylesoftware.htmlunit.ScriptException: Wrapped com.gargoylesoftware.htmlunit.ScriptException: Wrapped com.gargoylesoftware.htmlunit.ScriptException: TypeError: Cannot call method "indexOf" of undefined (http://s.btstatic.com/lib/b9fa949b97ac98685e13d5a40e9ade654cf2b299.js?v=1#43)
	at com.gargoylesoftware.htmlunit.javascript.JavaScriptEngine$HtmlUnitContextAction.run(JavaScriptEngine.java:705)
	at net.sourceforge.htmlunit.corejs.javascript.Context.call(Context.java:620)
	at net.sourceforge.htmlunit.corejs.javascript.ContextFactory.call(ContextFactory.java:513)
	at com.gargoylesoftware.htmlunit.javascript.JavaScriptEngine.execute(JavaScriptEngine.java:591)
	at com.gargoylesoftware.htmlunit.javascript.JavaScriptEngine.execute(JavaScriptEngine.java:566)
	at com.gargoylesoftware.htmlunit.html.HtmlPage.executeJavaScriptIfPossible(HtmlPage.java:975)
	at com.gargoylesoftware.htmlunit.html.HtmlScript.executeInlineScriptIfNeeded(HtmlScript.java:349)
	at com.gargoylesoftware.htmlunit.html.HtmlScript.executeScriptIfNeeded(HtmlScript.java:409)
	at com.gargoylesoftware.htmlunit.html.HtmlScript$3.execute(HtmlScript.java:268)
	at com.gargoylesoftware.htmlunit.html.HtmlScript.onAllChildrenAddedToPage(HtmlScript.java:288)
	at com.gargoylesoftware.htmlunit.html.HTMLParser$HtmlUnitDOMBuilder.endElement(HTMLParser.java:741)
	at org.apache.xerces.parsers.AbstractSAXParser.endElement(Unknown Source)
	at com.gargoylesoftware.htmlunit.html.HTMLParser$HtmlUnitDOMBuilder.endElement(HTMLParser.java:701)
	at org.cyberneko.html.HTMLTagBalancer.callEndElement(HTMLTagBalancer.java:1170)
	at org.cyberneko.html.HTMLTagBalancer.endElement(HTMLTagBalancer.java:1072)
	at org.cyberneko.html.filters.DefaultFilter.endElement(DefaultFilter.java:206)
	at org.cyberneko.html.filters.NamespaceBinder.endElement(NamespaceBinder.java:330)
	at org.cyberneko.html.HTMLScanner$ContentScanner.scanEndElement(HTMLScanner.java:3126)
	at org.cyberneko.html.HTMLScanner$ContentScanner.scan(HTMLScanner.java:2093)
	at org.cyberneko.html.HTMLScanner.scanDocument(HTMLScanner.java:920)
	at org.cyberneko.html.HTMLConfiguration.parse(HTMLConfiguration.java:499)
	at org.cyberneko.html.HTMLConfiguration.parse(HTMLConfiguration.java:452)
	at org.apache.xerces.parsers.XMLParser.parse(Unknown Source)
	at com.gargoylesoftware.htmlunit.html.HTMLParser$HtmlUnitDOMBuilder.parse(HTMLParser.java:965)
	at com.gargoylesoftware.htmlunit.html.HTMLParser.parse(HTMLParser.java:247)
	at com.gargoylesoftware.htmlunit.html.HTMLParser.parseHtml(HTMLParser.java:193)
	at com.gargoylesoftware.htmlunit.DefaultPageCreator.createHtmlPage(DefaultPageCreator.java:268)
	at com.gargoylesoftware.htmlunit.DefaultPageCreator.createPage(DefaultPageCreator.java:156)
	at com.gargoylesoftware.htmlunit.WebClient.loadWebResponseInto(WebClient.java:468)
	at com.gargoylesoftware.htmlunit.WebClient.getPage(WebClient.java:342)
	at com.gargoylesoftware.htmlunit.WebClient.getPage(WebClient.java:407)
	at org.openqa.selenium.htmlunit.HtmlUnitDriver.get(HtmlUnitDriver.java:491)
	... 25 more
Caused by: net.sourceforge.htmlunit.corejs.javascript.WrappedException: Wrapped com.gargoylesoftware.htmlunit.ScriptException: Wrapped com.gargoylesoftware.htmlunit.ScriptException: Wrapped com.gargoylesoftware.htmlunit.ScriptException: TypeError: Cannot call method "indexOf" of undefined (http://s.btstatic.com/lib/b9fa949b97ac98685e13d5a40e9ade654cf2b299.js?v=1#43)
	at net.sourceforge.htmlunit.corejs.javascript.Context.throwAsScriptRuntimeEx(Context.java:1907)
	at com.gargoylesoftware.htmlunit.javascript.JavaScriptEngine.doProcessPostponedActions(JavaScriptEngine.java:755)
	at com.gargoylesoftware.htmlunit.javascript.JavaScriptEngine.access$500(JavaScriptEngine.java:93)
	at com.gargoylesoftware.htmlunit.javascript.JavaScriptEngine$HtmlUnitContextAction.run(JavaScriptEngine.java:700)
	... 56 more
Caused by: com.gargoylesoftware.htmlunit.ScriptException: Wrapped com.gargoylesoftware.htmlunit.ScriptException: Wrapped com.gargoylesoftware.htmlunit.ScriptException: TypeError: Cannot call method "indexOf" of undefined (http://s.btstatic.com/lib/b9fa949b97ac98685e13d5a40e9ade654cf2b299.js?v=1#43)
	at com.gargoylesoftware.htmlunit.javascript.JavaScriptEngine$HtmlUnitContextAction.run(JavaScriptEngine.java:705)
	at net.sourceforge.htmlunit.corejs.javascript.Context.call(Context.java:620)
	at net.sourceforge.htmlunit.corejs.javascript.ContextFactory.call(ContextFactory.java:513)
	at com.gargoylesoftware.htmlunit.javascript.JavaScriptEngine.execute(JavaScriptEngine.java:591)
	at com.gargoylesoftware.htmlunit.html.HtmlPage.loadExternalJavaScriptFile(HtmlPage.java:1078)
	at com.gargoylesoftware.htmlunit.html.HtmlScript.executeScriptIfNeeded(HtmlScript.java:393)
	at com.gargoylesoftware.htmlunit.html.HtmlScript$3.execute(HtmlScript.java:268)
	at com.gargoylesoftware.htmlunit.javascript.JavaScriptEngine.doProcessPostponedActions(JavaScriptEngine.java:750)
	... 58 more
Caused by: net.sourceforge.htmlunit.corejs.javascript.WrappedException: Wrapped com.gargoylesoftware.htmlunit.ScriptException: Wrapped com.gargoylesoftware.htmlunit.ScriptException: TypeError: Cannot call method "indexOf" of undefined (http://s.btstatic.com/lib/b9fa949b97ac98685e13d5a40e9ade654cf2b299.js?v=1#43)
	at net.sourceforge.htmlunit.corejs.javascript.Context.throwAsScriptRuntimeEx(Context.java:1907)
	at com.gargoylesoftware.htmlunit.javascript.JavaScriptEngine.doProcessPostponedActions(JavaScriptEngine.java:755)
	at com.gargoylesoftware.htmlunit.javascript.JavaScriptEngine.access$500(JavaScriptEngine.java:93)
	at com.gargoylesoftware.htmlunit.javascript.JavaScriptEngine$HtmlUnitContextAction.run(JavaScriptEngine.java:700)
	... 65 more
Caused by: com.gargoylesoftware.htmlunit.ScriptException: Wrapped com.gargoylesoftware.htmlunit.ScriptException: TypeError: Cannot call method "indexOf" of undefined (http://s.btstatic.com/lib/b9fa949b97ac98685e13d5a40e9ade654cf2b299.js?v=1#43)
	at com.gargoylesoftware.htmlunit.javascript.JavaScriptEngine$HtmlUnitContextAction.run(JavaScriptEngine.java:705)
	at net.sourceforge.htmlunit.corejs.javascript.Context.call(Context.java:620)
	at net.sourceforge.htmlunit.corejs.javascript.ContextFactory.call(ContextFactory.java:513)
	at com.gargoylesoftware.htmlunit.javascript.JavaScriptEngine.execute(JavaScriptEngine.java:591)
	at com.gargoylesoftware.htmlunit.html.HtmlPage.loadExternalJavaScriptFile(HtmlPage.java:1078)
	at com.gargoylesoftware.htmlunit.html.HtmlScript.executeScriptIfNeeded(HtmlScript.java:393)
	at com.gargoylesoftware.htmlunit.html.HtmlScript$3.execute(HtmlScript.java:268)
	at com.gargoylesoftware.htmlunit.javascript.JavaScriptEngine.doProcessPostponedActions(JavaScriptEngine.java:750)
	... 67 more
Caused by: net.sourceforge.htmlunit.corejs.javascript.WrappedException: Wrapped com.gargoylesoftware.htmlunit.ScriptException: TypeError: Cannot call method "indexOf" of undefined (http://s.btstatic.com/lib/b9fa949b97ac98685e13d5a40e9ade654cf2b299.js?v=1#43)
	at net.sourceforge.htmlunit.corejs.javascript.Context.throwAsScriptRuntimeEx(Context.java:1907)
	at com.gargoylesoftware.htmlunit.javascript.JavaScriptEngine.doProcessPostponedActions(JavaScriptEngine.java:755)
	at com.gargoylesoftware.htmlunit.javascript.JavaScriptEngine.access$500(JavaScriptEngine.java:93)
	at com.gargoylesoftware.htmlunit.javascript.JavaScriptEngine$HtmlUnitContextAction.run(JavaScriptEngine.java:700)
	... 74 more
Caused by: com.gargoylesoftware.htmlunit.ScriptException: TypeError: Cannot call method "indexOf" of undefined (http://s.btstatic.com/lib/b9fa949b97ac98685e13d5a40e9ade654cf2b299.js?v=1#43)
	at com.gargoylesoftware.htmlunit.javascript.JavaScriptEngine$HtmlUnitContextAction.run(JavaScriptEngine.java:705)
	at net.sourceforge.htmlunit.corejs.javascript.Context.call(Context.java:620)
	at net.sourceforge.htmlunit.corejs.javascript.ContextFactory.call(ContextFactory.java:513)
	at com.gargoylesoftware.htmlunit.javascript.JavaScriptEngine.execute(JavaScriptEngine.java:591)
	at com.gargoylesoftware.htmlunit.html.HtmlPage.loadExternalJavaScriptFile(HtmlPage.java:1078)
	at com.gargoylesoftware.htmlunit.html.HtmlScript.executeScriptIfNeeded(HtmlScript.java:393)
	at com.gargoylesoftware.htmlunit.html.HtmlScript$3.execute(HtmlScript.java:268)
	at com.gargoylesoftware.htmlunit.javascript.JavaScriptEngine.doProcessPostponedActions(JavaScriptEngine.java:750)
	... 76 more
Caused by: net.sourceforge.htmlunit.corejs.javascript.EcmaError: TypeError: Cannot call method "indexOf" of undefined (http://s.btstatic.com/lib/b9fa949b97ac98685e13d5a40e9ade654cf2b299.js?v=1#43)
	at net.sourceforge.htmlunit.corejs.javascript.ScriptRuntime.constructError(ScriptRuntime.java:3629)
	at net.sourceforge.htmlunit.corejs.javascript.ScriptRuntime.constructError(ScriptRuntime.java:3613)
	at net.sourceforge.htmlunit.corejs.javascript.ScriptRuntime.typeError(ScriptRuntime.java:3634)
	at net.sourceforge.htmlunit.corejs.javascript.ScriptRuntime.typeError2(ScriptRuntime.java:3650)
	at net.sourceforge.htmlunit.corejs.javascript.ScriptRuntime.undefCallError(ScriptRuntime.java:3664)
	at net.sourceforge.htmlunit.corejs.javascript.ScriptRuntime.getPropFunctionAndThisHelper(ScriptRuntime.java:2221)
	at net.sourceforge.htmlunit.corejs.javascript.ScriptRuntime.getPropFunctionAndThis(ScriptRuntime.java:2215)
	at net.sourceforge.htmlunit.corejs.javascript.Interpreter.interpretLoop(Interpreter.java:1333)
	at net.sourceforge.htmlunit.corejs.javascript.Interpreter.interpret(Interpreter.java:798)
	at net.sourceforge.htmlunit.corejs.javascript.InterpretedFunction.call(InterpretedFunction.java:105)
	at net.sourceforge.htmlunit.corejs.javascript.ContextFactory.doTopCall(ContextFactory.java:411)
	at com.gargoylesoftware.htmlunit.javascript.HtmlUnitContextFactory.doTopCall(HtmlUnitContextFactory.java:309)
	at net.sourceforge.htmlunit.corejs.javascript.ScriptRuntime.doTopCall(ScriptRuntime.java:3057)
	at net.sourceforge.htmlunit.corejs.javascript.InterpretedFunction.exec(InterpretedFunction.java:115)
	at com.gargoylesoftware.htmlunit.javascript.JavaScriptEngine$3.doRun(JavaScriptEngine.java:582)
	at com.gargoylesoftware.htmlunit.javascript.JavaScriptEngine$HtmlUnitContextAction.run(JavaScriptEngine.java:690)
	... 83 more
]]>
    </failure>
  </testcase> <!-- @BeforeMethod beforeMethod -->
  <testcase name="@BeforeMethod setUp" time="0.0" classname="com.lordandTaylor.testsripts.LoginBaseFanctionality">
    <skipped/>
  </testcase> <!-- @BeforeMethod setUp -->
  <testcase name="@AfterMethod tearDown" time="0.0" classname="com.lordandTaylor.testsripts.LoginBaseFanctionality">
    <skipped/>
  </testcase> <!-- @AfterMethod tearDown -->
  <testcase name="@AfterMethod afterMethod" time="0.0" classname="com.lordandTaylor.testsripts.LoginBaseFanctionality">
    <skipped/>
  </testcase> <!-- @AfterMethod afterMethod -->
  <testcase name="@BeforeMethod beforeMethod" time="0.0" classname="com.lordandTaylor.testsripts.LoginBaseFanctionality">
    <skipped/>
  </testcase> <!-- @BeforeMethod beforeMethod -->
  <testcase name="@BeforeMethod setUp" time="0.0" classname="com.lordandTaylor.testsripts.LoginBaseFanctionality">
    <skipped/>
  </testcase> <!-- @BeforeMethod setUp -->
  <testcase name="@AfterMethod tearDown" time="0.0" classname="com.lordandTaylor.testsripts.LoginBaseFanctionality">
    <skipped/>
  </testcase> <!-- @AfterMethod tearDown -->
  <testcase name="@AfterMethod afterMethod" time="0.0" classname="com.lordandTaylor.testsripts.LoginBaseFanctionality">
    <skipped/>
  </testcase> <!-- @AfterMethod afterMethod -->
  <testcase name="@BeforeMethod beforeMethod" time="0.0" classname="com.lordandTaylor.testsripts.LoginBaseFanctionality">
    <skipped/>
  </testcase> <!-- @BeforeMethod beforeMethod -->
  <testcase name="@BeforeMethod setUp" time="0.0" classname="com.lordandTaylor.testsripts.LoginBaseFanctionality">
    <skipped/>
  </testcase> <!-- @BeforeMethod setUp -->
  <testcase name="@AfterMethod tearDown" time="0.0" classname="com.lordandTaylor.testsripts.LoginBaseFanctionality">
    <skipped/>
  </testcase> <!-- @AfterMethod tearDown -->
  <testcase name="@AfterMethod afterMethod" time="0.0" classname="com.lordandTaylor.testsripts.LoginBaseFanctionality">
    <skipped/>
  </testcase> <!-- @AfterMethod afterMethod -->
  <testcase name="@BeforeMethod beforeMethod" time="0.0" classname="com.lordandTaylor.testsripts.LoginBaseFanctionality">
    <skipped/>
  </testcase> <!-- @BeforeMethod beforeMethod -->
  <testcase name="@BeforeMethod setUp" time="0.0" classname="com.lordandTaylor.testsripts.LoginBaseFanctionality">
    <skipped/>
  </testcase> <!-- @BeforeMethod setUp -->
  <testcase name="@AfterMethod tearDown" time="0.0" classname="com.lordandTaylor.testsripts.LoginBaseFanctionality">
    <skipped/>
  </testcase> <!-- @AfterMethod tearDown -->
  <testcase name="@AfterMethod afterMethod" time="0.0" classname="com.lordandTaylor.testsripts.LoginBaseFanctionality">
    <skipped/>
  </testcase> <!-- @AfterMethod afterMethod -->
  <testcase name="@BeforeMethod beforeMethod" time="0.0" classname="com.lordandTaylor.testsripts.LoginBaseFanctionality">
    <skipped/>
  </testcase> <!-- @BeforeMethod beforeMethod -->
  <testcase name="@BeforeMethod setUp" time="0.0" classname="com.lordandTaylor.testsripts.LoginBaseFanctionality">
    <skipped/>
  </testcase> <!-- @BeforeMethod setUp -->
  <testcase name="@AfterMethod tearDown" time="0.0" classname="com.lordandTaylor.testsripts.LoginBaseFanctionality">
    <skipped/>
  </testcase> <!-- @AfterMethod tearDown -->
  <testcase name="@AfterMethod afterMethod" time="0.0" classname="com.lordandTaylor.testsripts.LoginBaseFanctionality">
    <skipped/>
  </testcase> <!-- @AfterMethod afterMethod -->
  <testcase name="@BeforeMethod beforeMethod" time="0.0" classname="com.lordandTaylor.testsripts.LoginBaseFanctionality">
    <skipped/>
  </testcase> <!-- @BeforeMethod beforeMethod -->
  <testcase name="@BeforeMethod setUp" time="0.0" classname="com.lordandTaylor.testsripts.LoginBaseFanctionality">
    <skipped/>
  </testcase> <!-- @BeforeMethod setUp -->
  <testcase name="@AfterMethod tearDown" time="0.0" classname="com.lordandTaylor.testsripts.LoginBaseFanctionality">
    <skipped/>
  </testcase> <!-- @AfterMethod tearDown -->
  <testcase name="@AfterMethod afterMethod" time="0.0" classname="com.lordandTaylor.testsripts.LoginBaseFanctionality">
    <skipped/>
  </testcase> <!-- @AfterMethod afterMethod -->
  <testcase name="@BeforeMethod beforeMethod" time="0.0" classname="com.lordandTaylor.testsripts.LoginBaseFanctionality">
    <skipped/>
  </testcase> <!-- @BeforeMethod beforeMethod -->
  <testcase name="@BeforeMethod setUp" time="0.0" classname="com.lordandTaylor.testsripts.LoginBaseFanctionality">
    <skipped/>
  </testcase> <!-- @BeforeMethod setUp -->
  <testcase name="@AfterMethod tearDown" time="0.0" classname="com.lordandTaylor.testsripts.LoginBaseFanctionality">
    <skipped/>
  </testcase> <!-- @AfterMethod tearDown -->
  <testcase name="@AfterMethod afterMethod" time="0.0" classname="com.lordandTaylor.testsripts.LoginBaseFanctionality">
    <skipped/>
  </testcase> <!-- @AfterMethod afterMethod -->
  <testcase name="@BeforeMethod beforeMethod" time="0.0" classname="com.lordandTaylor.testsripts.LoginBaseFanctionality">
    <skipped/>
  </testcase> <!-- @BeforeMethod beforeMethod -->
  <testcase name="@BeforeMethod setUp" time="0.0" classname="com.lordandTaylor.testsripts.LoginBaseFanctionality">
    <skipped/>
  </testcase> <!-- @BeforeMethod setUp -->
  <testcase name="@AfterMethod tearDown" time="0.0" classname="com.lordandTaylor.testsripts.LoginBaseFanctionality">
    <skipped/>
  </testcase> <!-- @AfterMethod tearDown -->
  <testcase name="@AfterMethod afterMethod" time="0.0" classname="com.lordandTaylor.testsripts.LoginBaseFanctionality">
    <skipped/>
  </testcase> <!-- @AfterMethod afterMethod -->
  <testcase name="@BeforeMethod beforeMethod" time="0.0" classname="com.lordandTaylor.testsripts.LoginBaseFanctionality">
    <skipped/>
  </testcase> <!-- @BeforeMethod beforeMethod -->
  <testcase name="@BeforeMethod setUp" time="0.0" classname="com.lordandTaylor.testsripts.LoginBaseFanctionality">
    <skipped/>
  </testcase> <!-- @BeforeMethod setUp -->
  <testcase name="@AfterMethod tearDown" time="0.0" classname="com.lordandTaylor.testsripts.LoginBaseFanctionality">
    <skipped/>
  </testcase> <!-- @AfterMethod tearDown -->
  <testcase name="@AfterMethod afterMethod" time="0.0" classname="com.lordandTaylor.testsripts.LoginBaseFanctionality">
    <skipped/>
  </testcase> <!-- @AfterMethod afterMethod -->
  <testcase name="SmSAlart" time="0.001" classname="com.lordandTaylor.testsripts.LoginBaseFanctionality">
    <skipped/>
  </testcase> <!-- SmSAlart -->
  <testcase name="boundaryInfo" time="0.001" classname="com.lordandTaylor.testsripts.LoginBaseFanctionality">
    <skipped/>
  </testcase> <!-- boundaryInfo -->
  <testcase name="emtyInfologin" time="0.0" classname="com.lordandTaylor.testsripts.LoginBaseFanctionality">
    <skipped/>
  </testcase> <!-- emtyInfologin -->
  <testcase name="invalidEmailAddforReg" time="0.0" classname="com.lordandTaylor.testsripts.LoginBaseFanctionality">
    <skipped/>
  </testcase> <!-- invalidEmailAddforReg -->
  <testcase name="invalidRegistration" time="0.0" classname="com.lordandTaylor.testsripts.LoginBaseFanctionality">
    <skipped/>
  </testcase> <!-- invalidRegistration -->
  <testcase name="invlaidUerLogin" time="0.0" classname="com.lordandTaylor.testsripts.LoginBaseFanctionality">
    <skipped/>
  </testcase> <!-- invlaidUerLogin -->
  <testcase name="newMemberRegistration" time="0.0" classname="com.lordandTaylor.testsripts.LoginBaseFanctionality">
    <skipped/>
  </testcase> <!-- newMemberRegistration -->
  <testcase name="verifyhomepagefaunctionality" time="0.001" classname="com.lordandTaylor.testsripts.LoginBaseFanctionality">
    <skipped/>
  </testcase> <!-- verifyhomepagefaunctionality -->
  <testcase name="vlaidUerLogin" time="0.0" classname="com.lordandTaylor.testsripts.LoginBaseFanctionality">
    <skipped/>
  </testcase> <!-- vlaidUerLogin -->
</testsuite> <!-- htmlunit -->
