<html>
<head>
<title>TestNG:  htmlunit</title>
<link href="../testng.css" rel="stylesheet" type="text/css" />
<link href="../my-testng.css" rel="stylesheet" type="text/css" />

<style type="text/css">
.log { display: none;} 
.stack-trace { display: none;} 
</style>
<script type="text/javascript">
<!--
function flip(e) {
  current = e.style.display;
  if (current == 'block') {
    e.style.display = 'none';
    return 0;
  }
  else {
    e.style.display = 'block';
    return 1;
  }
}

function toggleBox(szDivId, elem, msg1, msg2)
{
  var res = -1;  if (document.getElementById) {
    res = flip(document.getElementById(szDivId));
  }
  else if (document.all) {
    // this is the way old msie versions work
    res = flip(document.all[szDivId]);
  }
  if(elem) {
    if(res == 0) elem.innerHTML = msg1; else elem.innerHTML = msg2;
  }

}

function toggleAllBoxes() {
  if (document.getElementsByTagName) {
    d = document.getElementsByTagName('div');
    for (i = 0; i < d.length; i++) {
      if (d[i].className == 'log') {
        flip(d[i]);
      }
    }
  }
}

// -->
</script>

</head>
<body>
<h2 align='center'>htmlunit</h2><table border='1' align="center">
<tr>
<td>Tests passed/Failed/Skipped:</td><td>0/0/9</td>
</tr><tr>
<td>Started on:</td><td>Mon Sep 28 14:33:33 EDT 2015</td>
</tr>
<tr><td>Total time:</td><td>20 seconds (20178 ms)</td>
</tr><tr>
<td>Included groups:</td><td></td>
</tr><tr>
<td>Excluded groups:</td><td></td>
</tr>
</table><p/>
<small><i>(Hover the method name to see the test class name)</i></small><p/>
<table width='100%' border='1' class='invocation-failed'>
<tr><td colspan='4' align='center'><b>FAILED CONFIGURATIONS</b></td></tr>
<tr><td><b>Test method</b></td>
<td width="30%"><b>Exception</b></td>
<td width="10%"><b>Time (seconds)</b></td>
<td><b>Instance</b></td>
</tr>
<tr>
<td title='com.lordandTaylor.testsripts.LoginBaseFanctionality.beforeMethod()'><b>beforeMethod</b><br>Test class: com.lordandTaylor.testsripts.LoginBaseFanctionality<br>Parameters: htmlunit</td>
<td><div><pre>org.openqa.selenium.WebDriverException: com.gargoylesoftware.htmlunit.ScriptException: Wrapped com.gargoylesoftware.htmlunit.ScriptException: Wrapped com.gargoylesoftware.htmlunit.ScriptException: Wrapped com.gargoylesoftware.htmlunit.ScriptException: TypeError: Cannot call method &quot;indexOf&quot; of undefined (http://s.btstatic.com/lib/b9fa949b97ac98685e13d5a40e9ade654cf2b299.js?v=1#43)
Build info: version: &apos;2.45.0&apos;, revision: &apos;5017cb8e7ca8e37638dc3091b2440b90a1d8686f&apos;, time: &apos;2015-02-27 09:10:26&apos;
System info: host: &apos;PaxoTechWin7X64&apos;, ip: &apos;10.10.30.41&apos;, os.name: &apos;Windows 7&apos;, os.arch: &apos;amd64&apos;, os.version: &apos;6.1&apos;, java.version: &apos;1.7.0_60&apos;
Driver info: driver.version: HtmlUnitDriver
	at org.openqa.selenium.htmlunit.HtmlUnitDriver.get(HtmlUnitDriver.java:504)
	at org.openqa.selenium.htmlunit.HtmlUnitDriver.get(HtmlUnitDriver.java:480)
	at org.openqa.selenium.htmlunit.HtmlUnitDriver$HtmlUnitNavigation.to(HtmlUnitDriver.java:1374)
	at com.paxotech.qa.lord.ScriptBasemutliBrowser.beforeMethod(ScriptBasemutliBrowser.java:78)
	at sun.reflect.NativeMethodAccessorImpl.invoke0(Native Method)
	at sun.reflect.NativeMethodAccessorImpl.invoke(Unknown Source)
	at sun.reflect.DelegatingMethodAccessorImpl.invoke(Unknown Source)
	at java.lang.reflect.Method.invoke(Unknown Source)
	at org.testng.internal.MethodInvocationHelper.invokeMethod(MethodInvocationHelper.java:85)
	at org.testng.internal.Invoker.invokeConfigurationMethod(Invoker.java:510)
	at org.testng.internal.Invoker.invokeConfigurations(Invoker.java:211)
	at org.testng.internal.Invoker.invokeMethod(Invoker.java:585)
	at org.testng.internal.Invoker.invokeTestMethod(Invoker.java:821)
	at org.testng.internal.Invoker.invokeTestMethods(Invoker.java:1131)
	at org.testng.internal.TestMethodWorker.invokeTestMethods(TestMethodWorker.java:124)
	at org.testng.internal.TestMethodWorker.run(TestMethodWorker.java:108)
	at org.testng.TestRunner.privateRun(TestRunner.java:773)
	at org.testng.TestRunner.run(TestRunner.java:623)
	at org.testng.SuiteRunner.runTest(SuiteRunner.java:357)
	at org.testng.SuiteRunner.access$000(SuiteRunner.java:39)
	at org.testng.SuiteRunner$SuiteWorker.run(SuiteRunner.java:391)
	at org.testng.internal.thread.ThreadUtil$2.call(ThreadUtil.java:64)
	at java.util.concurrent.FutureTask.run(Unknown Source)
	at java.util.concurrent.ThreadPoolExecutor.runWorker(Unknown Source)
	at java.util.concurrent.ThreadPoolExecutor$Worker.run(Unknown Source)
	at java.lang.Thread.run(Unknown Source)
Caused by: com.gargoylesoftware.htmlunit.ScriptException: Wrapped com.gargoylesoftware.htmlunit.ScriptException: Wrapped com.gargoylesoftware.htmlunit.ScriptException: Wrapped com.gargoylesoftware.htmlunit.ScriptException: TypeError: Cannot call method &quot;indexOf&quot; of undefined (http://s.btstatic.com/lib/b9fa949b97ac98685e13d5a40e9ade654cf2b299.js?v=1#43)
	at com.gargoylesoftware.htmlunit.javascript.JavaScriptEngine$HtmlUnitContextAction.run(JavaScriptEngine.java:705)
	at net.sourceforge.htmlunit.corejs.javascript.Context.call(Context.java:620)
	at net.sourceforge.htmlunit.corejs.javascript.ContextFactory.call(ContextFactory.java:513)
	at com.gargoylesoftware.htmlunit.javascript.JavaScriptEngine.execute(JavaScriptEngine.java:591)
	at com.gargoylesoftware.htmlunit.javascript.JavaScriptEngine.execute(JavaScriptEngine.java:566)
	at com.gargoylesoftware.htmlunit.html.HtmlPage.executeJavaScriptIfPossible(HtmlPage.java:975)
	at com.gargoylesoftware.htmlunit.html.HtmlScript.executeInlineScriptIfNeeded(HtmlScript.java:349)
	at com.gargoylesoftware.htmlunit.html.HtmlScript.executeScriptIfNeeded(HtmlScript.java:409)
	at com.gargoylesoftware.htmlunit.html.HtmlScript$3.execute(HtmlScript.java:268)
	at com.gargoylesoftware.htmlunit.html.HtmlScript.onAllChildrenAddedToPage(HtmlScript.java:288)
	at com.gargoylesoftware.htmlunit.html.HTMLParser$HtmlUnitDOMBuilder.endElement(HTMLParser.java:741)
	at org.apache.xerces.parsers.AbstractSAXParser.endElement(Unknown Source)
	at com.gargoylesoftware.htmlunit.html.HTMLParser$HtmlUnitDOMBuilder.endElement(HTMLParser.java:701)
	at org.cyberneko.html.HTMLTagBalancer.callEndElement(HTMLTagBalancer.java:1170)
	at org.cyberneko.html.HTMLTagBalancer.endElement(HTMLTagBalancer.java:1072)
	at org.cyberneko.html.filters.DefaultFilter.endElement(DefaultFilter.java:206)
	at org.cyberneko.html.filters.NamespaceBinder.endElement(NamespaceBinder.java:330)
	at org.cyberneko.html.HTMLScanner$ContentScanner.scanEndElement(HTMLScanner.java:3126)
	at org.cyberneko.html.HTMLScanner$ContentScanner.scan(HTMLScanner.java:2093)
	at org.cyberneko.html.HTMLScanner.scanDocument(HTMLScanner.java:920)
	at org.cyberneko.html.HTMLConfiguration.parse(HTMLConfiguration.java:499)
	at org.cyberneko.html.HTMLConfiguration.parse(HTMLConfiguration.java:452)
	at org.apache.xerces.parsers.XMLParser.parse(Unknown Source)
	at com.gargoylesoftware.htmlunit.html.HTMLParser$HtmlUnitDOMBuilder.parse(HTMLParser.java:965)
	at com.gargoylesoftware.htmlunit.html.HTMLParser.parse(HTMLParser.java:247)
	at com.gargoylesoftware.htmlunit.html.HTMLParser.parseHtml(HTMLParser.java:193)
	at com.gargoylesoftware.htmlunit.DefaultPageCreator.createHtmlPage(DefaultPageCreator.java:268)
	at com.gargoylesoftware.htmlunit.DefaultPageCreator.createPage(DefaultPageCreator.java:156)
	at com.gargoylesoftware.htmlunit.WebClient.loadWebResponseInto(WebClient.java:468)
	at com.gargoylesoftware.htmlunit.WebClient.getPage(WebClient.java:342)
	at com.gargoylesoftware.htmlunit.WebClient.getPage(WebClient.java:407)
	at org.openqa.selenium.htmlunit.HtmlUnitDriver.get(HtmlUnitDriver.java:491)
	... 25 more
Caused by: net.sourceforge.htmlunit.corejs.javascript.WrappedException: Wrapped com.gargoylesoftware.htmlunit.ScriptException: Wrapped com.gargoylesoftware.htmlunit.ScriptException: Wrapped com.gargoylesoftware.htmlunit.ScriptException: TypeError: Cannot call method &quot;indexOf&quot; of undefined (http://s.btstatic.com/lib/b9fa949b97ac98685e13d5a40e9ade654cf2b299.js?v=1#43)
	at net.sourceforge.htmlunit.corejs.javascript.Context.throwAsScriptRuntimeEx(Context.java:1907)
	at com.gargoylesoftware.htmlunit.javascript.JavaScriptEngine.doProcessPostponedActions(JavaScriptEngine.java:755)
	at com.gargoylesoftware.htmlunit.javascript.JavaScriptEngine.access$500(JavaScriptEngine.java:93)
	at com.gargoylesoftware.htmlunit.javascript.JavaScriptEngine$HtmlUnitContextAction.run(JavaScriptEngine.java:700)
	... 56 more
Caused by: com.gargoylesoftware.htmlunit.ScriptException: Wrapped com.gargoylesoftware.htmlunit.ScriptException: Wrapped com.gargoylesoftware.htmlunit.ScriptException: TypeError: Cannot call method &quot;indexOf&quot; of undefined (http://s.btstatic.com/lib/b9fa949b97ac98685e13d5a40e9ade654cf2b299.js?v=1#43)
	at com.gargoylesoftware.htmlunit.javascript.JavaScriptEngine$HtmlUnitContextAction.run(JavaScriptEngine.java:705)
	at net.sourceforge.htmlunit.corejs.javascript.Context.call(Context.java:620)
	at net.sourceforge.htmlunit.corejs.javascript.ContextFactory.call(ContextFactory.java:513)
	at com.gargoylesoftware.htmlunit.javascript.JavaScriptEngine.execute(JavaScriptEngine.java:591)
	at com.gargoylesoftware.htmlunit.html.HtmlPage.loadExternalJavaScriptFile(HtmlPage.java:1078)
	at com.gargoylesoftware.htmlunit.html.HtmlScript.executeScriptIfNeeded(HtmlScript.java:393)
	at com.gargoylesoftware.htmlunit.html.HtmlScript$3.execute(HtmlScript.java:268)
	at com.gargoylesoftware.htmlunit.javascript.JavaScriptEngine.doProcessPostponedActions(JavaScriptEngine.java:750)
	... 58 more
Caused by: net.sourceforge.htmlunit.corejs.javascript.WrappedException: Wrapped com.gargoylesoftware.htmlunit.ScriptException: Wrapped com.gargoylesoftware.htmlunit.ScriptException: TypeError: Cannot call method &quot;indexOf&quot; of undefined (http://s.btstatic.com/lib/b9fa949b97ac98685e13d5a40e9ade654cf2b299.js?v=1#43)
	at net.sourceforge.htmlunit.corejs.javascript.Context.throwAsScriptRuntimeEx(Context.java:1907)
	at com.gargoylesoftware.htmlunit.javascript.JavaScriptEngine.doProcessPostponedActions(JavaScriptEngine.java:755)
	at com.gargoylesoftware.htmlunit.javascript.JavaScriptEngine.access$500(JavaScriptEngine.java:93)
	at com.gargoylesoftware.htmlunit.javascript.JavaScriptEngine$HtmlUnitContextAction.run(JavaScriptEngine.java:700)
	... 65 more
Caused by: com.gargoylesoftware.htmlunit.ScriptException: Wrapped com.gargoylesoftware.htmlunit.ScriptException: TypeError: Cannot call method &quot;indexOf&quot; of undefined (http://s.btstatic.com/lib/b9fa949b97ac98685e13d5a40e9ade654cf2b299.js?v=1#43)
	at com.gargoylesoftware.htmlunit.javascript.JavaScriptEngine$HtmlUnitContextAction.run(JavaScriptEngine.java:705)
	at net.sourceforge.htmlunit.corejs.javascript.Context.call(Context.java:620)
	at net.sourceforge.htmlunit.corejs.javascript.ContextFactory.call(ContextFactory.java:513)
	at com.gargoylesoftware.htmlunit.javascript.JavaScriptEngine.execute(JavaScriptEngine.java:591)
	at com.gargoylesoftware.htmlunit.html.HtmlPage.loadExternalJavaScriptFile(HtmlPage.java:1078)
	at com.gargoylesoftware.htmlunit.html.HtmlScript.executeScriptIfNeeded(HtmlScript.java:393)
	at com.gargoylesoftware.htmlunit.html.HtmlScript$3.execute(HtmlScript.java:268)
	at com.gargoylesoftware.htmlunit.javascript.JavaScriptEngine.doProcessPostponedActions(JavaScriptEngine.java:750)
	... 67 more
Caused by: net.sourceforge.htmlunit.corejs.javascript.WrappedException: Wrapped com.gargoylesoftware.htmlunit.ScriptException: TypeError: Cannot call method &quot;indexOf&quot; of undefined (http://s.btstatic.com/lib/b9fa949b97ac98685e13d5a40e9ade654cf2b299.js?v=1#43)
	at net.sourceforge.htmlunit.corejs.javascript.Context.throwAsScriptRuntimeEx(Context.java:1907)
	at com.gargoylesoftware.htmlunit.javascript.JavaScriptEngine.doProcessPostponedActions(JavaScriptEngine.java:755)
	at com.gargoylesoftware.htmlunit.javascript.JavaScriptEngine.access$500(JavaScriptEngine.java:93)
	at com.gargoylesoftware.htmlunit.javascript.JavaScriptEngine$HtmlUnitContextAction.run(JavaScriptEngine.java:700)
	... 74 more
Caused by: com.gargoylesoftware.htmlunit.ScriptException: TypeError: Cannot call method &quot;indexOf&quot; of undefined (http://s.btstatic.com/lib/b9fa949b97ac98685e13d5a40e9ade654cf2b299.js?v=1#43)
	at com.gargoylesoftware.htmlunit.javascript.JavaScriptEngine$HtmlUnitContextAction.run(JavaScriptEngine.java:705)
	at net.sourceforge.htmlunit.corejs.javascript.Context.call(Context.java:620)
	at net.sourceforge.htmlunit.corejs.javascript.ContextFactory.call(ContextFactory.java:513)
	at com.gargoylesoftware.htmlunit.javascript.JavaScriptEngine.execute(JavaScriptEngine.java:591)
	at com.gargoylesoftware.htmlunit.html.HtmlPage.loadExternalJavaScriptFile(HtmlPage.java:1078)
	at com.gargoylesoftware.htmlunit.html.HtmlScript.executeScriptIfNeeded(HtmlScript.java:393)
	at com.gargoylesoftware.htmlunit.html.HtmlScript$3.execute(HtmlScript.java:268)
	at com.gargoylesoftware.htmlunit.javascript.JavaScriptEngine.doProcessPostponedActions(JavaScriptEngine.java:750)
	... 76 more
Caused by: net.sourceforge.htmlunit.corejs.javascript.EcmaError: TypeError: Cannot call method &quot;indexOf&quot; of undefined (http://s.btstatic.com/lib/b9fa949b97ac98685e13d5a40e9ade654cf2b299.js?v=1#43)
	at net.sourceforge.htmlunit.corejs.javascript.ScriptRuntime.constructError(ScriptRuntime.java:3629)
	at net.sourceforge.htmlunit.corejs.javascript.ScriptRuntime.constructError(ScriptRuntime.java:3613)
	at net.sourceforge.htmlunit.corejs.javascript.ScriptRuntime.typeError(ScriptRuntime.java:3634)
	at net.sourceforge.htmlunit.corejs.javascript.ScriptRuntime.typeError2(ScriptRuntime.java:3650)
	at net.sourceforge.htmlunit.corejs.javascript.ScriptRuntime.undefCallError(ScriptRuntime.java:3664)
	at net.sourceforge.htmlunit.corejs.javascript.ScriptRuntime.getPropFunctionAndThisHelper(ScriptRuntime.java:2221)
	at net.sourceforge.htmlunit.corejs.javascript.ScriptRuntime.getPropFunctionAndThis(ScriptRuntime.java:2215)
	at net.sourceforge.htmlunit.corejs.javascript.Interpreter.interpretLoop(Interpreter.java:1333)
	at net.sourceforge.htmlunit.corejs.javascript.Interpreter.interpret(Interpreter.java:798)
	at net.sourceforge.htmlunit.corejs.javascript.InterpretedFunction.call(InterpretedFunction.java:105)
	at net.sourceforge.htmlunit.corejs.javascript.ContextFactory.doTopCall(ContextFactory.java:411)
	at com.gargoylesoftware.htmlunit.javascript.HtmlUnitContextFactory.doTopCall(HtmlUnitContextFactory.java:309)
	at net.sourceforge.htmlunit.corejs.javascript.ScriptRuntime.doTopCall(ScriptRuntime.java:3057)
	at net.sourceforge.htmlunit.corejs.javascript.InterpretedFunction.exec(InterpretedFunction.java:115)
	at com.gargoylesoftware.htmlunit.javascript.JavaScriptEngine$3.doRun(JavaScriptEngine.java:582)
	at com.gargoylesoftware.htmlunit.javascript.JavaScriptEngine$HtmlUnitContextAction.run(JavaScriptEngine.java:690)
	... 83 more
</pre></div><a href='#' onClick='toggleBox("stack-trace1966313036", this, "Click to show all stack frames", "Click to hide stack frames")'>Click to show all stack frames</a>
<div class='stack-trace' id='stack-trace1966313036'><pre>org.openqa.selenium.WebDriverException: com.gargoylesoftware.htmlunit.ScriptException: Wrapped com.gargoylesoftware.htmlunit.ScriptException: Wrapped com.gargoylesoftware.htmlunit.ScriptException: Wrapped com.gargoylesoftware.htmlunit.ScriptException: TypeError: Cannot call method &quot;indexOf&quot; of undefined (http://s.btstatic.com/lib/b9fa949b97ac98685e13d5a40e9ade654cf2b299.js?v=1#43)
Build info: version: &apos;2.45.0&apos;, revision: &apos;5017cb8e7ca8e37638dc3091b2440b90a1d8686f&apos;, time: &apos;2015-02-27 09:10:26&apos;
System info: host: &apos;PaxoTechWin7X64&apos;, ip: &apos;10.10.30.41&apos;, os.name: &apos;Windows 7&apos;, os.arch: &apos;amd64&apos;, os.version: &apos;6.1&apos;, java.version: &apos;1.7.0_60&apos;
Driver info: driver.version: HtmlUnitDriver
	at org.openqa.selenium.htmlunit.HtmlUnitDriver.get(HtmlUnitDriver.java:504)
	at org.openqa.selenium.htmlunit.HtmlUnitDriver.get(HtmlUnitDriver.java:480)
	at org.openqa.selenium.htmlunit.HtmlUnitDriver$HtmlUnitNavigation.to(HtmlUnitDriver.java:1374)
	at com.paxotech.qa.lord.ScriptBasemutliBrowser.beforeMethod(ScriptBasemutliBrowser.java:78)
	at sun.reflect.NativeMethodAccessorImpl.invoke0(Native Method)
	at sun.reflect.NativeMethodAccessorImpl.invoke(Unknown Source)
	at sun.reflect.DelegatingMethodAccessorImpl.invoke(Unknown Source)
	at java.lang.reflect.Method.invoke(Unknown Source)
	at org.testng.internal.MethodInvocationHelper.invokeMethod(MethodInvocationHelper.java:85)
	at org.testng.internal.Invoker.invokeConfigurationMethod(Invoker.java:510)
	at org.testng.internal.Invoker.invokeConfigurations(Invoker.java:211)
	at org.testng.internal.Invoker.invokeMethod(Invoker.java:585)
	at org.testng.internal.Invoker.invokeTestMethod(Invoker.java:821)
	at org.testng.internal.Invoker.invokeTestMethods(Invoker.java:1131)
	at org.testng.internal.TestMethodWorker.invokeTestMethods(TestMethodWorker.java:124)
	at org.testng.internal.TestMethodWorker.run(TestMethodWorker.java:108)
	at org.testng.TestRunner.privateRun(TestRunner.java:773)
	at org.testng.TestRunner.run(TestRunner.java:623)
	at org.testng.SuiteRunner.runTest(SuiteRunner.java:357)
	at org.testng.SuiteRunner.access$000(SuiteRunner.java:39)
	at org.testng.SuiteRunner$SuiteWorker.run(SuiteRunner.java:391)
	at org.testng.internal.thread.ThreadUtil$2.call(ThreadUtil.java:64)
	at java.util.concurrent.FutureTask.run(Unknown Source)
	at java.util.concurrent.ThreadPoolExecutor.runWorker(Unknown Source)
	at java.util.concurrent.ThreadPoolExecutor$Worker.run(Unknown Source)
	at java.lang.Thread.run(Unknown Source)
Caused by: com.gargoylesoftware.htmlunit.ScriptException: Wrapped com.gargoylesoftware.htmlunit.ScriptException: Wrapped com.gargoylesoftware.htmlunit.ScriptException: Wrapped com.gargoylesoftware.htmlunit.ScriptException: TypeError: Cannot call method &quot;indexOf&quot; of undefined (http://s.btstatic.com/lib/b9fa949b97ac98685e13d5a40e9ade654cf2b299.js?v=1#43)
	at com.gargoylesoftware.htmlunit.javascript.JavaScriptEngine$HtmlUnitContextAction.run(JavaScriptEngine.java:705)
	at net.sourceforge.htmlunit.corejs.javascript.Context.call(Context.java:620)
	at net.sourceforge.htmlunit.corejs.javascript.ContextFactory.call(ContextFactory.java:513)
	at com.gargoylesoftware.htmlunit.javascript.JavaScriptEngine.execute(JavaScriptEngine.java:591)
	at com.gargoylesoftware.htmlunit.javascript.JavaScriptEngine.execute(JavaScriptEngine.java:566)
	at com.gargoylesoftware.htmlunit.html.HtmlPage.executeJavaScriptIfPossible(HtmlPage.java:975)
	at com.gargoylesoftware.htmlunit.html.HtmlScript.executeInlineScriptIfNeeded(HtmlScript.java:349)
	at com.gargoylesoftware.htmlunit.html.HtmlScript.executeScriptIfNeeded(HtmlScript.java:409)
	at com.gargoylesoftware.htmlunit.html.HtmlScript$3.execute(HtmlScript.java:268)
	at com.gargoylesoftware.htmlunit.html.HtmlScript.onAllChildrenAddedToPage(HtmlScript.java:288)
	at com.gargoylesoftware.htmlunit.html.HTMLParser$HtmlUnitDOMBuilder.endElement(HTMLParser.java:741)
	at org.apache.xerces.parsers.AbstractSAXParser.endElement(Unknown Source)
	at com.gargoylesoftware.htmlunit.html.HTMLParser$HtmlUnitDOMBuilder.endElement(HTMLParser.java:701)
	at org.cyberneko.html.HTMLTagBalancer.callEndElement(HTMLTagBalancer.java:1170)
	at org.cyberneko.html.HTMLTagBalancer.endElement(HTMLTagBalancer.java:1072)
	at org.cyberneko.html.filters.DefaultFilter.endElement(DefaultFilter.java:206)
	at org.cyberneko.html.filters.NamespaceBinder.endElement(NamespaceBinder.java:330)
	at org.cyberneko.html.HTMLScanner$ContentScanner.scanEndElement(HTMLScanner.java:3126)
	at org.cyberneko.html.HTMLScanner$ContentScanner.scan(HTMLScanner.java:2093)
	at org.cyberneko.html.HTMLScanner.scanDocument(HTMLScanner.java:920)
	at org.cyberneko.html.HTMLConfiguration.parse(HTMLConfiguration.java:499)
	at org.cyberneko.html.HTMLConfiguration.parse(HTMLConfiguration.java:452)
	at org.apache.xerces.parsers.XMLParser.parse(Unknown Source)
	at com.gargoylesoftware.htmlunit.html.HTMLParser$HtmlUnitDOMBuilder.parse(HTMLParser.java:965)
	at com.gargoylesoftware.htmlunit.html.HTMLParser.parse(HTMLParser.java:247)
	at com.gargoylesoftware.htmlunit.html.HTMLParser.parseHtml(HTMLParser.java:193)
	at com.gargoylesoftware.htmlunit.DefaultPageCreator.createHtmlPage(DefaultPageCreator.java:268)
	at com.gargoylesoftware.htmlunit.DefaultPageCreator.createPage(DefaultPageCreator.java:156)
	at com.gargoylesoftware.htmlunit.WebClient.loadWebResponseInto(WebClient.java:468)
	at com.gargoylesoftware.htmlunit.WebClient.getPage(WebClient.java:342)
	at com.gargoylesoftware.htmlunit.WebClient.getPage(WebClient.java:407)
	at org.openqa.selenium.htmlunit.HtmlUnitDriver.get(HtmlUnitDriver.java:491)
	... 25 more
Caused by: net.sourceforge.htmlunit.corejs.javascript.WrappedException: Wrapped com.gargoylesoftware.htmlunit.ScriptException: Wrapped com.gargoylesoftware.htmlunit.ScriptException: Wrapped com.gargoylesoftware.htmlunit.ScriptException: TypeError: Cannot call method &quot;indexOf&quot; of undefined (http://s.btstatic.com/lib/b9fa949b97ac98685e13d5a40e9ade654cf2b299.js?v=1#43)
	at net.sourceforge.htmlunit.corejs.javascript.Context.throwAsScriptRuntimeEx(Context.java:1907)
	at com.gargoylesoftware.htmlunit.javascript.JavaScriptEngine.doProcessPostponedActions(JavaScriptEngine.java:755)
	at com.gargoylesoftware.htmlunit.javascript.JavaScriptEngine.access$500(JavaScriptEngine.java:93)
	at com.gargoylesoftware.htmlunit.javascript.JavaScriptEngine$HtmlUnitContextAction.run(JavaScriptEngine.java:700)
	... 56 more
Caused by: com.gargoylesoftware.htmlunit.ScriptException: Wrapped com.gargoylesoftware.htmlunit.ScriptException: Wrapped com.gargoylesoftware.htmlunit.ScriptException: TypeError: Cannot call method &quot;indexOf&quot; of undefined (http://s.btstatic.com/lib/b9fa949b97ac98685e13d5a40e9ade654cf2b299.js?v=1#43)
	at com.gargoylesoftware.htmlunit.javascript.JavaScriptEngine$HtmlUnitContextAction.run(JavaScriptEngine.java:705)
	at net.sourceforge.htmlunit.corejs.javascript.Context.call(Context.java:620)
	at net.sourceforge.htmlunit.corejs.javascript.ContextFactory.call(ContextFactory.java:513)
	at com.gargoylesoftware.htmlunit.javascript.JavaScriptEngine.execute(JavaScriptEngine.java:591)
	at com.gargoylesoftware.htmlunit.html.HtmlPage.loadExternalJavaScriptFile(HtmlPage.java:1078)
	at com.gargoylesoftware.htmlunit.html.HtmlScript.executeScriptIfNeeded(HtmlScript.java:393)
	at com.gargoylesoftware.htmlunit.html.HtmlScript$3.execute(HtmlScript.java:268)
	at com.gargoylesoftware.htmlunit.javascript.JavaScriptEngine.doProcessPostponedActions(JavaScriptEngine.java:750)
	... 58 more
Caused by: net.sourceforge.htmlunit.corejs.javascript.WrappedException: Wrapped com.gargoylesoftware.htmlunit.ScriptException: Wrapped com.gargoylesoftware.htmlunit.ScriptException: TypeError: Cannot call method &quot;indexOf&quot; of undefined (http://s.btstatic.com/lib/b9fa949b97ac98685e13d5a40e9ade654cf2b299.js?v=1#43)
	at net.sourceforge.htmlunit.corejs.javascript.Context.throwAsScriptRuntimeEx(Context.java:1907)
	at com.gargoylesoftware.htmlunit.javascript.JavaScriptEngine.doProcessPostponedActions(JavaScriptEngine.java:755)
	at com.gargoylesoftware.htmlunit.javascript.JavaScriptEngine.access$500(JavaScriptEngine.java:93)
	at com.gargoylesoftware.htmlunit.javascript.JavaScriptEngine$HtmlUnitContextAction.run(JavaScriptEngine.java:700)
	... 65 more
Caused by: com.gargoylesoftware.htmlunit.ScriptException: Wrapped com.gargoylesoftware.htmlunit.ScriptException: TypeError: Cannot call method &quot;indexOf&quot; of undefined (http://s.btstatic.com/lib/b9fa949b97ac98685e13d5a40e9ade654cf2b299.js?v=1#43)
	at com.gargoylesoftware.htmlunit.javascript.JavaScriptEngine$HtmlUnitContextAction.run(JavaScriptEngine.java:705)
	at net.sourceforge.htmlunit.corejs.javascript.Context.call(Context.java:620)
	at net.sourceforge.htmlunit.corejs.javascript.ContextFactory.call(ContextFactory.java:513)
	at com.gargoylesoftware.htmlunit.javascript.JavaScriptEngine.execute(JavaScriptEngine.java:591)
	at com.gargoylesoftware.htmlunit.html.HtmlPage.loadExternalJavaScriptFile(HtmlPage.java:1078)
	at com.gargoylesoftware.htmlunit.html.HtmlScript.executeScriptIfNeeded(HtmlScript.java:393)
	at com.gargoylesoftware.htmlunit.html.HtmlScript$3.execute(HtmlScript.java:268)
	at com.gargoylesoftware.htmlunit.javascript.JavaScriptEngine.doProcessPostponedActions(JavaScriptEngine.java:750)
	... 67 more
Caused by: net.sourceforge.htmlunit.corejs.javascript.WrappedException: Wrapped com.gargoylesoftware.htmlunit.ScriptException: TypeError: Cannot call method &quot;indexOf&quot; of undefined (http://s.btstatic.com/lib/b9fa949b97ac98685e13d5a40e9ade654cf2b299.js?v=1#43)
	at net.sourceforge.htmlunit.corejs.javascript.Context.throwAsScriptRuntimeEx(Context.java:1907)
	at com.gargoylesoftware.htmlunit.javascript.JavaScriptEngine.doProcessPostponedActions(JavaScriptEngine.java:755)
	at com.gargoylesoftware.htmlunit.javascript.JavaScriptEngine.access$500(JavaScriptEngine.java:93)
	at com.gargoylesoftware.htmlunit.javascript.JavaScriptEngine$HtmlUnitContextAction.run(JavaScriptEngine.java:700)
	... 74 more
Caused by: com.gargoylesoftware.htmlunit.ScriptException: TypeError: Cannot call method &quot;indexOf&quot; of undefined (http://s.btstatic.com/lib/b9fa949b97ac98685e13d5a40e9ade654cf2b299.js?v=1#43)
	at com.gargoylesoftware.htmlunit.javascript.JavaScriptEngine$HtmlUnitContextAction.run(JavaScriptEngine.java:705)
	at net.sourceforge.htmlunit.corejs.javascript.Context.call(Context.java:620)
	at net.sourceforge.htmlunit.corejs.javascript.ContextFactory.call(ContextFactory.java:513)
	at com.gargoylesoftware.htmlunit.javascript.JavaScriptEngine.execute(JavaScriptEngine.java:591)
	at com.gargoylesoftware.htmlunit.html.HtmlPage.loadExternalJavaScriptFile(HtmlPage.java:1078)
	at com.gargoylesoftware.htmlunit.html.HtmlScript.executeScriptIfNeeded(HtmlScript.java:393)
	at com.gargoylesoftware.htmlunit.html.HtmlScript$3.execute(HtmlScript.java:268)
	at com.gargoylesoftware.htmlunit.javascript.JavaScriptEngine.doProcessPostponedActions(JavaScriptEngine.java:750)
	... 76 more
Caused by: net.sourceforge.htmlunit.corejs.javascript.EcmaError: TypeError: Cannot call method &quot;indexOf&quot; of undefined (http://s.btstatic.com/lib/b9fa949b97ac98685e13d5a40e9ade654cf2b299.js?v=1#43)
	at net.sourceforge.htmlunit.corejs.javascript.ScriptRuntime.constructError(ScriptRuntime.java:3629)
	at net.sourceforge.htmlunit.corejs.javascript.ScriptRuntime.constructError(ScriptRuntime.java:3613)
	at net.sourceforge.htmlunit.corejs.javascript.ScriptRuntime.typeError(ScriptRuntime.java:3634)
	at net.sourceforge.htmlunit.corejs.javascript.ScriptRuntime.typeError2(ScriptRuntime.java:3650)
	at net.sourceforge.htmlunit.corejs.javascript.ScriptRuntime.undefCallError(ScriptRuntime.java:3664)
	at net.sourceforge.htmlunit.corejs.javascript.ScriptRuntime.getPropFunctionAndThisHelper(ScriptRuntime.java:2221)
	at net.sourceforge.htmlunit.corejs.javascript.ScriptRuntime.getPropFunctionAndThis(ScriptRuntime.java:2215)
	at net.sourceforge.htmlunit.corejs.javascript.Interpreter.interpretLoop(Interpreter.java:1333)
	at net.sourceforge.htmlunit.corejs.javascript.Interpreter.interpret(Interpreter.java:798)
	at net.sourceforge.htmlunit.corejs.javascript.InterpretedFunction.call(InterpretedFunction.java:105)
	at net.sourceforge.htmlunit.corejs.javascript.ContextFactory.doTopCall(ContextFactory.java:411)
	at com.gargoylesoftware.htmlunit.javascript.HtmlUnitContextFactory.doTopCall(HtmlUnitContextFactory.java:309)
	at net.sourceforge.htmlunit.corejs.javascript.ScriptRuntime.doTopCall(ScriptRuntime.java:3057)
	at net.sourceforge.htmlunit.corejs.javascript.InterpretedFunction.exec(InterpretedFunction.java:115)
	at com.gargoylesoftware.htmlunit.javascript.JavaScriptEngine$3.doRun(JavaScriptEngine.java:582)
	at com.gargoylesoftware.htmlunit.javascript.JavaScriptEngine$HtmlUnitContextAction.run(JavaScriptEngine.java:690)
	... 83 more
</pre></div></td>
<td>0</td>
<td>com.lordandTaylor.testsripts.LoginBaseFanctionality@57690d7a</td></tr>
</table><p>
<table width='100%' border='1' class='invocation-skipped'>
<tr><td colspan='4' align='center'><b>SKIPPED CONFIGURATIONS</b></td></tr>
<tr><td><b>Test method</b></td>
<td width="30%"><b>Exception</b></td>
<td width="10%"><b>Time (seconds)</b></td>
<td><b>Instance</b></td>
</tr>
<tr>
<td title='com.lordandTaylor.testsripts.LoginBaseFanctionality.setUp()'><b>setUp</b><br>Test class: com.lordandTaylor.testsripts.LoginBaseFanctionality</td>
<td></td>
<td>0</td>
<td>com.lordandTaylor.testsripts.LoginBaseFanctionality@57690d7a</td></tr>
<tr>
<td title='com.lordandTaylor.testsripts.LoginBaseFanctionality.beforeMethod()'><b>beforeMethod</b><br>Test class: com.lordandTaylor.testsripts.LoginBaseFanctionality</td>
<td></td>
<td>0</td>
<td>com.lordandTaylor.testsripts.LoginBaseFanctionality@57690d7a</td></tr>
<tr>
<td title='com.lordandTaylor.testsripts.LoginBaseFanctionality.setUp()'><b>setUp</b><br>Test class: com.lordandTaylor.testsripts.LoginBaseFanctionality</td>
<td></td>
<td>0</td>
<td>com.lordandTaylor.testsripts.LoginBaseFanctionality@57690d7a</td></tr>
<tr>
<td title='com.lordandTaylor.testsripts.LoginBaseFanctionality.beforeMethod()'><b>beforeMethod</b><br>Test class: com.lordandTaylor.testsripts.LoginBaseFanctionality</td>
<td></td>
<td>0</td>
<td>com.lordandTaylor.testsripts.LoginBaseFanctionality@57690d7a</td></tr>
<tr>
<td title='com.lordandTaylor.testsripts.LoginBaseFanctionality.setUp()'><b>setUp</b><br>Test class: com.lordandTaylor.testsripts.LoginBaseFanctionality</td>
<td></td>
<td>0</td>
<td>com.lordandTaylor.testsripts.LoginBaseFanctionality@57690d7a</td></tr>
<tr>
<td title='com.lordandTaylor.testsripts.LoginBaseFanctionality.beforeMethod()'><b>beforeMethod</b><br>Test class: com.lordandTaylor.testsripts.LoginBaseFanctionality</td>
<td></td>
<td>0</td>
<td>com.lordandTaylor.testsripts.LoginBaseFanctionality@57690d7a</td></tr>
<tr>
<td title='com.lordandTaylor.testsripts.LoginBaseFanctionality.setUp()'><b>setUp</b><br>Test class: com.lordandTaylor.testsripts.LoginBaseFanctionality</td>
<td></td>
<td>0</td>
<td>com.lordandTaylor.testsripts.LoginBaseFanctionality@57690d7a</td></tr>
<tr>
<td title='com.lordandTaylor.testsripts.LoginBaseFanctionality.beforeMethod()'><b>beforeMethod</b><br>Test class: com.lordandTaylor.testsripts.LoginBaseFanctionality</td>
<td></td>
<td>0</td>
<td>com.lordandTaylor.testsripts.LoginBaseFanctionality@57690d7a</td></tr>
<tr>
<td title='com.lordandTaylor.testsripts.LoginBaseFanctionality.setUp()'><b>setUp</b><br>Test class: com.lordandTaylor.testsripts.LoginBaseFanctionality</td>
<td></td>
<td>0</td>
<td>com.lordandTaylor.testsripts.LoginBaseFanctionality@57690d7a</td></tr>
<tr>
<td title='com.lordandTaylor.testsripts.LoginBaseFanctionality.beforeMethod()'><b>beforeMethod</b><br>Test class: com.lordandTaylor.testsripts.LoginBaseFanctionality</td>
<td></td>
<td>0</td>
<td>com.lordandTaylor.testsripts.LoginBaseFanctionality@57690d7a</td></tr>
<tr>
<td title='com.lordandTaylor.testsripts.LoginBaseFanctionality.setUp()'><b>setUp</b><br>Test class: com.lordandTaylor.testsripts.LoginBaseFanctionality</td>
<td></td>
<td>0</td>
<td>com.lordandTaylor.testsripts.LoginBaseFanctionality@57690d7a</td></tr>
<tr>
<td title='com.lordandTaylor.testsripts.LoginBaseFanctionality.beforeMethod()'><b>beforeMethod</b><br>Test class: com.lordandTaylor.testsripts.LoginBaseFanctionality</td>
<td></td>
<td>0</td>
<td>com.lordandTaylor.testsripts.LoginBaseFanctionality@57690d7a</td></tr>
<tr>
<td title='com.lordandTaylor.testsripts.LoginBaseFanctionality.setUp()'><b>setUp</b><br>Test class: com.lordandTaylor.testsripts.LoginBaseFanctionality</td>
<td></td>
<td>0</td>
<td>com.lordandTaylor.testsripts.LoginBaseFanctionality@57690d7a</td></tr>
<tr>
<td title='com.lordandTaylor.testsripts.LoginBaseFanctionality.beforeMethod()'><b>beforeMethod</b><br>Test class: com.lordandTaylor.testsripts.LoginBaseFanctionality</td>
<td></td>
<td>0</td>
<td>com.lordandTaylor.testsripts.LoginBaseFanctionality@57690d7a</td></tr>
<tr>
<td title='com.lordandTaylor.testsripts.LoginBaseFanctionality.setUp()'><b>setUp</b><br>Test class: com.lordandTaylor.testsripts.LoginBaseFanctionality</td>
<td></td>
<td>0</td>
<td>com.lordandTaylor.testsripts.LoginBaseFanctionality@57690d7a</td></tr>
<tr>
<td title='com.lordandTaylor.testsripts.LoginBaseFanctionality.beforeMethod()'><b>beforeMethod</b><br>Test class: com.lordandTaylor.testsripts.LoginBaseFanctionality</td>
<td></td>
<td>0</td>
<td>com.lordandTaylor.testsripts.LoginBaseFanctionality@57690d7a</td></tr>
<tr>
<td title='com.lordandTaylor.testsripts.LoginBaseFanctionality.setUp()'><b>setUp</b><br>Test class: com.lordandTaylor.testsripts.LoginBaseFanctionality</td>
<td></td>
<td>0</td>
<td>com.lordandTaylor.testsripts.LoginBaseFanctionality@57690d7a</td></tr>
<tr>
<td title='com.lordandTaylor.testsripts.LoginBaseFanctionality.tearDown()'><b>tearDown</b><br>Test class: com.lordandTaylor.testsripts.LoginBaseFanctionality</td>
<td></td>
<td>0</td>
<td>com.lordandTaylor.testsripts.LoginBaseFanctionality@57690d7a</td></tr>
<tr>
<td title='com.lordandTaylor.testsripts.LoginBaseFanctionality.afterMethod()'><b>afterMethod</b><br>Test class: com.lordandTaylor.testsripts.LoginBaseFanctionality</td>
<td></td>
<td>0</td>
<td>com.lordandTaylor.testsripts.LoginBaseFanctionality@57690d7a</td></tr>
<tr>
<td title='com.lordandTaylor.testsripts.LoginBaseFanctionality.tearDown()'><b>tearDown</b><br>Test class: com.lordandTaylor.testsripts.LoginBaseFanctionality</td>
<td></td>
<td>0</td>
<td>com.lordandTaylor.testsripts.LoginBaseFanctionality@57690d7a</td></tr>
<tr>
<td title='com.lordandTaylor.testsripts.LoginBaseFanctionality.afterMethod()'><b>afterMethod</b><br>Test class: com.lordandTaylor.testsripts.LoginBaseFanctionality</td>
<td></td>
<td>0</td>
<td>com.lordandTaylor.testsripts.LoginBaseFanctionality@57690d7a</td></tr>
<tr>
<td title='com.lordandTaylor.testsripts.LoginBaseFanctionality.tearDown()'><b>tearDown</b><br>Test class: com.lordandTaylor.testsripts.LoginBaseFanctionality</td>
<td></td>
<td>0</td>
<td>com.lordandTaylor.testsripts.LoginBaseFanctionality@57690d7a</td></tr>
<tr>
<td title='com.lordandTaylor.testsripts.LoginBaseFanctionality.afterMethod()'><b>afterMethod</b><br>Test class: com.lordandTaylor.testsripts.LoginBaseFanctionality</td>
<td></td>
<td>0</td>
<td>com.lordandTaylor.testsripts.LoginBaseFanctionality@57690d7a</td></tr>
<tr>
<td title='com.lordandTaylor.testsripts.LoginBaseFanctionality.tearDown()'><b>tearDown</b><br>Test class: com.lordandTaylor.testsripts.LoginBaseFanctionality</td>
<td></td>
<td>0</td>
<td>com.lordandTaylor.testsripts.LoginBaseFanctionality@57690d7a</td></tr>
<tr>
<td title='com.lordandTaylor.testsripts.LoginBaseFanctionality.afterMethod()'><b>afterMethod</b><br>Test class: com.lordandTaylor.testsripts.LoginBaseFanctionality</td>
<td></td>
<td>0</td>
<td>com.lordandTaylor.testsripts.LoginBaseFanctionality@57690d7a</td></tr>
<tr>
<td title='com.lordandTaylor.testsripts.LoginBaseFanctionality.tearDown()'><b>tearDown</b><br>Test class: com.lordandTaylor.testsripts.LoginBaseFanctionality</td>
<td></td>
<td>0</td>
<td>com.lordandTaylor.testsripts.LoginBaseFanctionality@57690d7a</td></tr>
<tr>
<td title='com.lordandTaylor.testsripts.LoginBaseFanctionality.afterMethod()'><b>afterMethod</b><br>Test class: com.lordandTaylor.testsripts.LoginBaseFanctionality</td>
<td></td>
<td>0</td>
<td>com.lordandTaylor.testsripts.LoginBaseFanctionality@57690d7a</td></tr>
<tr>
<td title='com.lordandTaylor.testsripts.LoginBaseFanctionality.tearDown()'><b>tearDown</b><br>Test class: com.lordandTaylor.testsripts.LoginBaseFanctionality</td>
<td></td>
<td>0</td>
<td>com.lordandTaylor.testsripts.LoginBaseFanctionality@57690d7a</td></tr>
<tr>
<td title='com.lordandTaylor.testsripts.LoginBaseFanctionality.afterMethod()'><b>afterMethod</b><br>Test class: com.lordandTaylor.testsripts.LoginBaseFanctionality</td>
<td></td>
<td>0</td>
<td>com.lordandTaylor.testsripts.LoginBaseFanctionality@57690d7a</td></tr>
<tr>
<td title='com.lordandTaylor.testsripts.LoginBaseFanctionality.tearDown()'><b>tearDown</b><br>Test class: com.lordandTaylor.testsripts.LoginBaseFanctionality</td>
<td></td>
<td>0</td>
<td>com.lordandTaylor.testsripts.LoginBaseFanctionality@57690d7a</td></tr>
<tr>
<td title='com.lordandTaylor.testsripts.LoginBaseFanctionality.afterMethod()'><b>afterMethod</b><br>Test class: com.lordandTaylor.testsripts.LoginBaseFanctionality</td>
<td></td>
<td>0</td>
<td>com.lordandTaylor.testsripts.LoginBaseFanctionality@57690d7a</td></tr>
<tr>
<td title='com.lordandTaylor.testsripts.LoginBaseFanctionality.tearDown()'><b>tearDown</b><br>Test class: com.lordandTaylor.testsripts.LoginBaseFanctionality</td>
<td></td>
<td>0</td>
<td>com.lordandTaylor.testsripts.LoginBaseFanctionality@57690d7a</td></tr>
<tr>
<td title='com.lordandTaylor.testsripts.LoginBaseFanctionality.afterMethod()'><b>afterMethod</b><br>Test class: com.lordandTaylor.testsripts.LoginBaseFanctionality</td>
<td></td>
<td>0</td>
<td>com.lordandTaylor.testsripts.LoginBaseFanctionality@57690d7a</td></tr>
<tr>
<td title='com.lordandTaylor.testsripts.LoginBaseFanctionality.tearDown()'><b>tearDown</b><br>Test class: com.lordandTaylor.testsripts.LoginBaseFanctionality</td>
<td></td>
<td>0</td>
<td>com.lordandTaylor.testsripts.LoginBaseFanctionality@57690d7a</td></tr>
<tr>
<td title='com.lordandTaylor.testsripts.LoginBaseFanctionality.afterMethod()'><b>afterMethod</b><br>Test class: com.lordandTaylor.testsripts.LoginBaseFanctionality</td>
<td></td>
<td>0</td>
<td>com.lordandTaylor.testsripts.LoginBaseFanctionality@57690d7a</td></tr>
</table><p>
<table width='100%' border='1' class='invocation-skipped'>
<tr><td colspan='4' align='center'><b>SKIPPED TESTS</b></td></tr>
<tr><td><b>Test method</b></td>
<td width="30%"><b>Exception</b></td>
<td width="10%"><b>Time (seconds)</b></td>
<td><b>Instance</b></td>
</tr>
<tr>
<td title='com.lordandTaylor.testsripts.LoginBaseFanctionality.SmSAlart()'><b>SmSAlart</b><br>Test class: com.lordandTaylor.testsripts.LoginBaseFanctionality</td>
<td></td>
<td>0</td>
<td>com.lordandTaylor.testsripts.LoginBaseFanctionality@57690d7a</td></tr>
<tr>
<td title='com.lordandTaylor.testsripts.LoginBaseFanctionality.boundaryInfo()'><b>boundaryInfo</b><br>Test class: com.lordandTaylor.testsripts.LoginBaseFanctionality</td>
<td></td>
<td>0</td>
<td>com.lordandTaylor.testsripts.LoginBaseFanctionality@57690d7a</td></tr>
<tr>
<td title='com.lordandTaylor.testsripts.LoginBaseFanctionality.emtyInfologin()'><b>emtyInfologin</b><br>Test class: com.lordandTaylor.testsripts.LoginBaseFanctionality</td>
<td></td>
<td>0</td>
<td>com.lordandTaylor.testsripts.LoginBaseFanctionality@57690d7a</td></tr>
<tr>
<td title='com.lordandTaylor.testsripts.LoginBaseFanctionality.invalidEmailAddforReg()'><b>invalidEmailAddforReg</b><br>Test class: com.lordandTaylor.testsripts.LoginBaseFanctionality</td>
<td></td>
<td>0</td>
<td>com.lordandTaylor.testsripts.LoginBaseFanctionality@57690d7a</td></tr>
<tr>
<td title='com.lordandTaylor.testsripts.LoginBaseFanctionality.invalidRegistration()'><b>invalidRegistration</b><br>Test class: com.lordandTaylor.testsripts.LoginBaseFanctionality</td>
<td></td>
<td>0</td>
<td>com.lordandTaylor.testsripts.LoginBaseFanctionality@57690d7a</td></tr>
<tr>
<td title='com.lordandTaylor.testsripts.LoginBaseFanctionality.invlaidUerLogin()'><b>invlaidUerLogin</b><br>Test class: com.lordandTaylor.testsripts.LoginBaseFanctionality</td>
<td></td>
<td>0</td>
<td>com.lordandTaylor.testsripts.LoginBaseFanctionality@57690d7a</td></tr>
<tr>
<td title='com.lordandTaylor.testsripts.LoginBaseFanctionality.newMemberRegistration()'><b>newMemberRegistration</b><br>Test class: com.lordandTaylor.testsripts.LoginBaseFanctionality</td>
<td></td>
<td>0</td>
<td>com.lordandTaylor.testsripts.LoginBaseFanctionality@57690d7a</td></tr>
<tr>
<td title='com.lordandTaylor.testsripts.LoginBaseFanctionality.verifyhomepagefaunctionality()'><b>verifyhomepagefaunctionality</b><br>Test class: com.lordandTaylor.testsripts.LoginBaseFanctionality</td>
<td></td>
<td>0</td>
<td>com.lordandTaylor.testsripts.LoginBaseFanctionality@57690d7a</td></tr>
<tr>
<td title='com.lordandTaylor.testsripts.LoginBaseFanctionality.vlaidUerLogin()'><b>vlaidUerLogin</b><br>Test class: com.lordandTaylor.testsripts.LoginBaseFanctionality</td>
<td></td>
<td>0</td>
<td>com.lordandTaylor.testsripts.LoginBaseFanctionality@57690d7a</td></tr>
</table><p>
</body>
</html>