<?xml version="1.0" encoding="UTF-8"?>
<!-- Generated by org.testng.reporters.JUnitReportReporter -->
<testsuite hostname="PaxoTechWin7X64" name="com.lordandTaylor.testsripts.LoginBaseFanctionality" tests="9" failures="2" timestamp="12 Oct 2015 21:07:53 GMT" time="885.272" errors="0">
  <testcase name="invlaidUerLogin" time="18.784" classname="com.lordandTaylor.testsripts.LoginBaseFanctionality">
    <failure type="org.junit.ComparisonFailure" message="expected:&lt;[It appears that either the email address or password entered is incorrect. Please re-enter and submit the information.]&gt; but was:&lt;[[It appears that either the email address or password entered is incorrect. Please re-enter and submit the information.]]&gt;">
      <![CDATA[org.junit.ComparisonFailure: expected:<[It appears that either the email address or password entered is incorrect. Please re-enter and submit the information.]> but was:<[[It appears that either the email address or password entered is incorrect. Please re-enter and submit the information.]]]]><![CDATA[>
	at org.junit.Assert.assertEquals(Assert.java:115)
	at org.junit.Assert.assertEquals(Assert.java:144)
	at com.paxotech.qa.lord.LoginBasePage.ivalidEamil(LoginBasePage.java:42)
	at com.lordandTaylor.testsripts.LoginBaseFanctionality.invlaidUerLogin(LoginBaseFanctionality.java:26)
	at sun.reflect.NativeMethodAccessorImpl.invoke0(Native Method)
	at sun.reflect.NativeMethodAccessorImpl.invoke(Unknown Source)
	at sun.reflect.DelegatingMethodAccessorImpl.invoke(Unknown Source)
	at java.lang.reflect.Method.invoke(Unknown Source)
	at org.testng.internal.MethodInvocationHelper.invokeMethod(MethodInvocationHelper.java:85)
	at org.testng.internal.Invoker.invokeMethod(Invoker.java:639)
	at org.testng.internal.Invoker.invokeTestMethod(Invoker.java:821)
	at org.testng.internal.Invoker.invokeTestMethods(Invoker.java:1131)
	at org.testng.internal.TestMethodWorker.invokeTestMethods(TestMethodWorker.java:124)
	at org.testng.internal.TestMethodWorker.run(TestMethodWorker.java:108)
	at org.testng.TestRunner.privateRun(TestRunner.java:773)
	at org.testng.TestRunner.run(TestRunner.java:623)
	at org.testng.SuiteRunner.runTest(SuiteRunner.java:357)
	at org.testng.SuiteRunner.runSequentially(SuiteRunner.java:352)
	at org.testng.SuiteRunner.privateRun(SuiteRunner.java:310)
	at org.testng.SuiteRunner.run(SuiteRunner.java:259)
	at org.testng.SuiteRunnerWorker.runSuite(SuiteRunnerWorker.java:52)
	at org.testng.SuiteRunnerWorker.run(SuiteRunnerWorker.java:86)
	at org.testng.TestNG.runSuitesSequentially(TestNG.java:1185)
	at org.testng.TestNG.runSuitesLocally(TestNG.java:1110)
	at org.testng.TestNG.run(TestNG.java:1018)
	at org.testng.remote.RemoteTestNG.run(RemoteTestNG.java:111)
	at org.testng.remote.RemoteTestNG.initAndRun(RemoteTestNG.java:204)
	at org.testng.remote.RemoteTestNG.main(RemoteTestNG.java:175)
]]>
    </failure>
  </testcase> <!-- invlaidUerLogin -->
  <testcase name="newMemberRegistration" time="20.056" classname="com.lordandTaylor.testsripts.LoginBaseFanctionality"/>
  <testcase name="SmSAlart" time="18.373" classname="com.lordandTaylor.testsripts.LoginBaseFanctionality"/>
  <testcase name="boundaryInfo" time="23.291" classname="com.lordandTaylor.testsripts.LoginBaseFanctionality"/>
  <testcase name="invalidEmailAddforReg" time="22.186" classname="com.lordandTaylor.testsripts.LoginBaseFanctionality"/>
  <testcase name="emtyInfologin" time="18.914" classname="com.lordandTaylor.testsripts.LoginBaseFanctionality">
    <failure type="org.junit.ComparisonFailure" message="expected:&lt;[It appears that either the email address or password entered is incorrect. Please re-enter and submit the information.]&gt; but was:&lt;[[It appears that either the email address or password entered is incorrect. Please re-enter and submit the information.]]&gt;">
      <![CDATA[org.junit.ComparisonFailure: expected:<[It appears that either the email address or password entered is incorrect. Please re-enter and submit the information.]> but was:<[[It appears that either the email address or password entered is incorrect. Please re-enter and submit the information.]]]]><![CDATA[>
	at org.junit.Assert.assertEquals(Assert.java:115)
	at org.junit.Assert.assertEquals(Assert.java:144)
	at com.paxotech.qa.lord.LoginBasePage.ivalidEamil(LoginBasePage.java:42)
	at com.lordandTaylor.testsripts.LoginBaseFanctionality.emtyInfologin(LoginBaseFanctionality.java:35)
	at sun.reflect.NativeMethodAccessorImpl.invoke0(Native Method)
	at sun.reflect.NativeMethodAccessorImpl.invoke(Unknown Source)
	at sun.reflect.DelegatingMethodAccessorImpl.invoke(Unknown Source)
	at java.lang.reflect.Method.invoke(Unknown Source)
	at org.testng.internal.MethodInvocationHelper.invokeMethod(MethodInvocationHelper.java:85)
	at org.testng.internal.Invoker.invokeMethod(Invoker.java:639)
	at org.testng.internal.Invoker.invokeTestMethod(Invoker.java:821)
	at org.testng.internal.Invoker.invokeTestMethods(Invoker.java:1131)
	at org.testng.internal.TestMethodWorker.invokeTestMethods(TestMethodWorker.java:124)
	at org.testng.internal.TestMethodWorker.run(TestMethodWorker.java:108)
	at org.testng.TestRunner.privateRun(TestRunner.java:773)
	at org.testng.TestRunner.run(TestRunner.java:623)
	at org.testng.SuiteRunner.runTest(SuiteRunner.java:357)
	at org.testng.SuiteRunner.runSequentially(SuiteRunner.java:352)
	at org.testng.SuiteRunner.privateRun(SuiteRunner.java:310)
	at org.testng.SuiteRunner.run(SuiteRunner.java:259)
	at org.testng.SuiteRunnerWorker.runSuite(SuiteRunnerWorker.java:52)
	at org.testng.SuiteRunnerWorker.run(SuiteRunnerWorker.java:86)
	at org.testng.TestNG.runSuitesSequentially(TestNG.java:1185)
	at org.testng.TestNG.runSuitesLocally(TestNG.java:1110)
	at org.testng.TestNG.run(TestNG.java:1018)
	at org.testng.remote.RemoteTestNG.run(RemoteTestNG.java:111)
	at org.testng.remote.RemoteTestNG.initAndRun(RemoteTestNG.java:204)
	at org.testng.remote.RemoteTestNG.main(RemoteTestNG.java:175)
]]>
    </failure>
  </testcase> <!-- emtyInfologin -->
  <testcase name="vlaidUerLogin" time="24.383" classname="com.lordandTaylor.testsripts.LoginBaseFanctionality"/>
  <testcase name="invalidRegistration" time="705.513" classname="com.lordandTaylor.testsripts.LoginBaseFanctionality"/>
  <testcase name="verifyhomepagefaunctionality" time="33.772" classname="com.lordandTaylor.testsripts.LoginBaseFanctionality"/>
</testsuite> <!-- com.lordandTaylor.testsripts.LoginBaseFanctionality -->
