<html>
<head>
<title>TestNG:  FFScript</title>
<link href="../testng.css" rel="stylesheet" type="text/css" />
<link href="../my-testng.css" rel="stylesheet" type="text/css" />

<style type="text/css">
.log { display: none;} 
.stack-trace { display: none;} 
</style>
<script type="text/javascript">
<!--
function flip(e) {
  current = e.style.display;
  if (current == 'block') {
    e.style.display = 'none';
    return 0;
  }
  else {
    e.style.display = 'block';
    return 1;
  }
}

function toggleBox(szDivId, elem, msg1, msg2)
{
  var res = -1;  if (document.getElementById) {
    res = flip(document.getElementById(szDivId));
  }
  else if (document.all) {
    // this is the way old msie versions work
    res = flip(document.all[szDivId]);
  }
  if(elem) {
    if(res == 0) elem.innerHTML = msg1; else elem.innerHTML = msg2;
  }

}

function toggleAllBoxes() {
  if (document.getElementsByTagName) {
    d = document.getElementsByTagName('div');
    for (i = 0; i < d.length; i++) {
      if (d[i].className == 'log') {
        flip(d[i]);
      }
    }
  }
}

// -->
</script>

</head>
<body>
<h2 align='center'>FFScript</h2><table border='1' align="center">
<tr>
<td>Tests passed/Failed/Skipped:</td><td>4/1/4</td>
</tr><tr>
<td>Started on:</td><td>Mon Sep 28 13:48:53 EDT 2015</td>
</tr>
<tr><td>Total time:</td><td>203 seconds (203513 ms)</td>
</tr><tr>
<td>Included groups:</td><td></td>
</tr><tr>
<td>Excluded groups:</td><td></td>
</tr>
</table><p/>
<small><i>(Hover the method name to see the test class name)</i></small><p/>
<table width='100%' border='1' class='invocation-failed'>
<tr><td colspan='4' align='center'><b>FAILED CONFIGURATIONS</b></td></tr>
<tr><td><b>Test method</b></td>
<td width="30%"><b>Exception</b></td>
<td width="10%"><b>Time (seconds)</b></td>
<td><b>Instance</b></td>
</tr>
<tr>
<td title='com.lordandTaylor.testsripts.LoginBaseFanctionality.beforeMethod()'><b>beforeMethod</b><br>Test class: com.lordandTaylor.testsripts.LoginBaseFanctionality<br>Parameters: ff</td>
<td><div><pre>org.openqa.selenium.WebDriverException: Failed to connect to binary FirefoxBinary(C:\Program Files (x86)\Mozilla Firefox\firefox.exe) on port 7061; process output follows: 
null
Build info: version: &apos;2.45.0&apos;, revision: &apos;5017cb8e7ca8e37638dc3091b2440b90a1d8686f&apos;, time: &apos;2015-02-27 09:10:26&apos;
System info: host: &apos;PaxoTechWin7X64&apos;, ip: &apos;10.10.30.41&apos;, os.name: &apos;Windows 7&apos;, os.arch: &apos;amd64&apos;, os.version: &apos;6.1&apos;, java.version: &apos;1.7.0_60&apos;
Driver info: driver.version: FirefoxDriver
	at org.openqa.selenium.firefox.internal.NewProfileExtensionConnection.start(NewProfileExtensionConnection.java:134)
	at org.openqa.selenium.firefox.FirefoxDriver.startClient(FirefoxDriver.java:246)
	at org.openqa.selenium.remote.RemoteWebDriver.&lt;init&gt;(RemoteWebDriver.java:114)
	at org.openqa.selenium.firefox.FirefoxDriver.&lt;init&gt;(FirefoxDriver.java:191)
	at org.openqa.selenium.firefox.FirefoxDriver.&lt;init&gt;(FirefoxDriver.java:186)
	at org.openqa.selenium.firefox.FirefoxDriver.&lt;init&gt;(FirefoxDriver.java:182)
	at org.openqa.selenium.firefox.FirefoxDriver.&lt;init&gt;(FirefoxDriver.java:95)
	at com.paxotech.qa.lord.ScriptBasemutliBrowser.beforeMethod(ScriptBasemutliBrowser.java:35)
	at sun.reflect.NativeMethodAccessorImpl.invoke0(Native Method)
	at sun.reflect.NativeMethodAccessorImpl.invoke(Unknown Source)
	at sun.reflect.DelegatingMethodAccessorImpl.invoke(Unknown Source)
	at java.lang.reflect.Method.invoke(Unknown Source)
	at org.testng.internal.MethodInvocationHelper.invokeMethod(MethodInvocationHelper.java:85)
	at org.testng.internal.Invoker.invokeConfigurationMethod(Invoker.java:510)
	at org.testng.internal.Invoker.invokeConfigurations(Invoker.java:211)
	at org.testng.internal.Invoker.invokeMethod(Invoker.java:585)
	at org.testng.internal.Invoker.invokeTestMethod(Invoker.java:821)
	at org.testng.internal.Invoker.invokeTestMethods(Invoker.java:1131)
	at org.testng.internal.TestMethodWorker.invokeTestMethods(TestMethodWorker.java:124)
	at org.testng.internal.TestMethodWorker.run(TestMethodWorker.java:108)
	at org.testng.TestRunner.privateRun(TestRunner.java:773)
	at org.testng.TestRunner.run(TestRunner.java:623)
	at org.testng.SuiteRunner.runTest(SuiteRunner.java:357)
	at org.testng.SuiteRunner.access$000(SuiteRunner.java:39)
	at org.testng.SuiteRunner$SuiteWorker.run(SuiteRunner.java:391)
	at org.testng.internal.thread.ThreadUtil$2.call(ThreadUtil.java:64)
	at java.util.concurrent.FutureTask.run(Unknown Source)
	at java.util.concurrent.ThreadPoolExecutor.runWorker(Unknown Source)
	at java.util.concurrent.ThreadPoolExecutor$Worker.run(Unknown Source)
	at java.lang.Thread.run(Unknown Source)
Caused by: org.openqa.selenium.firefox.UnableToCreateProfileException: java.io.IOException: There is not enough space on the disk
Build info: version: &apos;2.45.0&apos;, revision: &apos;5017cb8e7ca8e37638dc3091b2440b90a1d8686f&apos;, time: &apos;2015-02-27 09:10:26&apos;
System info: host: &apos;PaxoTechWin7X64&apos;, ip: &apos;10.10.30.41&apos;, os.name: &apos;Windows 7&apos;, os.arch: &apos;amd64&apos;, os.version: &apos;6.1&apos;, java.version: &apos;1.7.0_60&apos;
Driver info: driver.version: FirefoxDriver
	at org.openqa.selenium.firefox.FirefoxProfile.layoutOnDisk(FirefoxProfile.java:408)
	at org.openqa.selenium.firefox.internal.NewProfileExtensionConnection.start(NewProfileExtensionConnection.java:89)
	... 29 more
Caused by: java.io.IOException: There is not enough space on the disk
	at sun.nio.ch.FileDispatcherImpl.write0(Native Method)
	at sun.nio.ch.FileDispatcherImpl.write(Unknown Source)
	at sun.nio.ch.IOUtil.writeFromNativeBuffer(Unknown Source)
	at sun.nio.ch.IOUtil.write(Unknown Source)
	at sun.nio.ch.FileChannelImpl.write(Unknown Source)
	at sun.nio.ch.FileChannelImpl.transferToTrustedChannel(Unknown Source)
	at sun.nio.ch.FileChannelImpl.transferTo(Unknown Source)
	at org.openqa.selenium.io.FileHandler.copyFile(FileHandler.java:195)
	at org.openqa.selenium.io.FileHandler.copy(FileHandler.java:159)
	at org.openqa.selenium.io.FileHandler.copyDir(FileHandler.java:178)
	at org.openqa.selenium.io.FileHandler.copy(FileHandler.java:157)
	at org.openqa.selenium.io.FileHandler.copyDir(FileHandler.java:178)
	at org.openqa.selenium.io.FileHandler.copy(FileHandler.java:157)
	at org.openqa.selenium.io.FileHandler.copyDir(FileHandler.java:178)
	at org.openqa.selenium.io.FileHandler.copy(FileHandler.java:157)
	at org.openqa.selenium.io.FileHandler.copyDir(FileHandler.java:178)
	at org.openqa.selenium.io.FileHandler.copy(FileHandler.java:157)
	at org.openqa.selenium.io.FileHandler.copy(FileHandler.java:144)
	at org.openqa.selenium.firefox.internal.FileExtension.writeTo(FileExtension.java:71)
	at org.openqa.selenium.firefox.internal.ClasspathExtension.writeTo(ClasspathExtension.java:63)
	at org.openqa.selenium.firefox.FirefoxProfile.installExtensions(FirefoxProfile.java:424)
	at org.openqa.selenium.firefox.FirefoxProfile.layoutOnDisk(FirefoxProfile.java:402)
	... 30 more
</pre></div><a href='#' onClick='toggleBox("stack-trace1779888003", this, "Click to show all stack frames", "Click to hide stack frames")'>Click to show all stack frames</a>
<div class='stack-trace' id='stack-trace1779888003'><pre>org.openqa.selenium.WebDriverException: Failed to connect to binary FirefoxBinary(C:\Program Files (x86)\Mozilla Firefox\firefox.exe) on port 7061; process output follows: 
null
Build info: version: &apos;2.45.0&apos;, revision: &apos;5017cb8e7ca8e37638dc3091b2440b90a1d8686f&apos;, time: &apos;2015-02-27 09:10:26&apos;
System info: host: &apos;PaxoTechWin7X64&apos;, ip: &apos;10.10.30.41&apos;, os.name: &apos;Windows 7&apos;, os.arch: &apos;amd64&apos;, os.version: &apos;6.1&apos;, java.version: &apos;1.7.0_60&apos;
Driver info: driver.version: FirefoxDriver
	at org.openqa.selenium.firefox.internal.NewProfileExtensionConnection.start(NewProfileExtensionConnection.java:134)
	at org.openqa.selenium.firefox.FirefoxDriver.startClient(FirefoxDriver.java:246)
	at org.openqa.selenium.remote.RemoteWebDriver.&lt;init&gt;(RemoteWebDriver.java:114)
	at org.openqa.selenium.firefox.FirefoxDriver.&lt;init&gt;(FirefoxDriver.java:191)
	at org.openqa.selenium.firefox.FirefoxDriver.&lt;init&gt;(FirefoxDriver.java:186)
	at org.openqa.selenium.firefox.FirefoxDriver.&lt;init&gt;(FirefoxDriver.java:182)
	at org.openqa.selenium.firefox.FirefoxDriver.&lt;init&gt;(FirefoxDriver.java:95)
	at com.paxotech.qa.lord.ScriptBasemutliBrowser.beforeMethod(ScriptBasemutliBrowser.java:35)
	at sun.reflect.NativeMethodAccessorImpl.invoke0(Native Method)
	at sun.reflect.NativeMethodAccessorImpl.invoke(Unknown Source)
	at sun.reflect.DelegatingMethodAccessorImpl.invoke(Unknown Source)
	at java.lang.reflect.Method.invoke(Unknown Source)
	at org.testng.internal.MethodInvocationHelper.invokeMethod(MethodInvocationHelper.java:85)
	at org.testng.internal.Invoker.invokeConfigurationMethod(Invoker.java:510)
	at org.testng.internal.Invoker.invokeConfigurations(Invoker.java:211)
	at org.testng.internal.Invoker.invokeMethod(Invoker.java:585)
	at org.testng.internal.Invoker.invokeTestMethod(Invoker.java:821)
	at org.testng.internal.Invoker.invokeTestMethods(Invoker.java:1131)
	at org.testng.internal.TestMethodWorker.invokeTestMethods(TestMethodWorker.java:124)
	at org.testng.internal.TestMethodWorker.run(TestMethodWorker.java:108)
	at org.testng.TestRunner.privateRun(TestRunner.java:773)
	at org.testng.TestRunner.run(TestRunner.java:623)
	at org.testng.SuiteRunner.runTest(SuiteRunner.java:357)
	at org.testng.SuiteRunner.access$000(SuiteRunner.java:39)
	at org.testng.SuiteRunner$SuiteWorker.run(SuiteRunner.java:391)
	at org.testng.internal.thread.ThreadUtil$2.call(ThreadUtil.java:64)
	at java.util.concurrent.FutureTask.run(Unknown Source)
	at java.util.concurrent.ThreadPoolExecutor.runWorker(Unknown Source)
	at java.util.concurrent.ThreadPoolExecutor$Worker.run(Unknown Source)
	at java.lang.Thread.run(Unknown Source)
Caused by: org.openqa.selenium.firefox.UnableToCreateProfileException: java.io.IOException: There is not enough space on the disk
Build info: version: &apos;2.45.0&apos;, revision: &apos;5017cb8e7ca8e37638dc3091b2440b90a1d8686f&apos;, time: &apos;2015-02-27 09:10:26&apos;
System info: host: &apos;PaxoTechWin7X64&apos;, ip: &apos;10.10.30.41&apos;, os.name: &apos;Windows 7&apos;, os.arch: &apos;amd64&apos;, os.version: &apos;6.1&apos;, java.version: &apos;1.7.0_60&apos;
Driver info: driver.version: FirefoxDriver
	at org.openqa.selenium.firefox.FirefoxProfile.layoutOnDisk(FirefoxProfile.java:408)
	at org.openqa.selenium.firefox.internal.NewProfileExtensionConnection.start(NewProfileExtensionConnection.java:89)
	... 29 more
Caused by: java.io.IOException: There is not enough space on the disk
	at sun.nio.ch.FileDispatcherImpl.write0(Native Method)
	at sun.nio.ch.FileDispatcherImpl.write(Unknown Source)
	at sun.nio.ch.IOUtil.writeFromNativeBuffer(Unknown Source)
	at sun.nio.ch.IOUtil.write(Unknown Source)
	at sun.nio.ch.FileChannelImpl.write(Unknown Source)
	at sun.nio.ch.FileChannelImpl.transferToTrustedChannel(Unknown Source)
	at sun.nio.ch.FileChannelImpl.transferTo(Unknown Source)
	at org.openqa.selenium.io.FileHandler.copyFile(FileHandler.java:195)
	at org.openqa.selenium.io.FileHandler.copy(FileHandler.java:159)
	at org.openqa.selenium.io.FileHandler.copyDir(FileHandler.java:178)
	at org.openqa.selenium.io.FileHandler.copy(FileHandler.java:157)
	at org.openqa.selenium.io.FileHandler.copyDir(FileHandler.java:178)
	at org.openqa.selenium.io.FileHandler.copy(FileHandler.java:157)
	at org.openqa.selenium.io.FileHandler.copyDir(FileHandler.java:178)
	at org.openqa.selenium.io.FileHandler.copy(FileHandler.java:157)
	at org.openqa.selenium.io.FileHandler.copyDir(FileHandler.java:178)
	at org.openqa.selenium.io.FileHandler.copy(FileHandler.java:157)
	at org.openqa.selenium.io.FileHandler.copy(FileHandler.java:144)
	at org.openqa.selenium.firefox.internal.FileExtension.writeTo(FileExtension.java:71)
	at org.openqa.selenium.firefox.internal.ClasspathExtension.writeTo(ClasspathExtension.java:63)
	at org.openqa.selenium.firefox.FirefoxProfile.installExtensions(FirefoxProfile.java:424)
	at org.openqa.selenium.firefox.FirefoxProfile.layoutOnDisk(FirefoxProfile.java:402)
	... 30 more
</pre></div></td>
<td>0</td>
<td>com.lordandTaylor.testsripts.LoginBaseFanctionality@19b5302d</td></tr>
</table><p>
<table width='100%' border='1' class='invocation-skipped'>
<tr><td colspan='4' align='center'><b>SKIPPED CONFIGURATIONS</b></td></tr>
<tr><td><b>Test method</b></td>
<td width="30%"><b>Exception</b></td>
<td width="10%"><b>Time (seconds)</b></td>
<td><b>Instance</b></td>
</tr>
<tr>
<td title='com.lordandTaylor.testsripts.LoginBaseFanctionality.setUp()'><b>setUp</b><br>Test class: com.lordandTaylor.testsripts.LoginBaseFanctionality</td>
<td></td>
<td>0</td>
<td>com.lordandTaylor.testsripts.LoginBaseFanctionality@19b5302d</td></tr>
<tr>
<td title='com.lordandTaylor.testsripts.LoginBaseFanctionality.beforeMethod()'><b>beforeMethod</b><br>Test class: com.lordandTaylor.testsripts.LoginBaseFanctionality</td>
<td></td>
<td>0</td>
<td>com.lordandTaylor.testsripts.LoginBaseFanctionality@19b5302d</td></tr>
<tr>
<td title='com.lordandTaylor.testsripts.LoginBaseFanctionality.setUp()'><b>setUp</b><br>Test class: com.lordandTaylor.testsripts.LoginBaseFanctionality</td>
<td></td>
<td>0</td>
<td>com.lordandTaylor.testsripts.LoginBaseFanctionality@19b5302d</td></tr>
<tr>
<td title='com.lordandTaylor.testsripts.LoginBaseFanctionality.beforeMethod()'><b>beforeMethod</b><br>Test class: com.lordandTaylor.testsripts.LoginBaseFanctionality</td>
<td></td>
<td>0</td>
<td>com.lordandTaylor.testsripts.LoginBaseFanctionality@19b5302d</td></tr>
<tr>
<td title='com.lordandTaylor.testsripts.LoginBaseFanctionality.setUp()'><b>setUp</b><br>Test class: com.lordandTaylor.testsripts.LoginBaseFanctionality</td>
<td></td>
<td>0</td>
<td>com.lordandTaylor.testsripts.LoginBaseFanctionality@19b5302d</td></tr>
<tr>
<td title='com.lordandTaylor.testsripts.LoginBaseFanctionality.beforeMethod()'><b>beforeMethod</b><br>Test class: com.lordandTaylor.testsripts.LoginBaseFanctionality</td>
<td></td>
<td>0</td>
<td>com.lordandTaylor.testsripts.LoginBaseFanctionality@19b5302d</td></tr>
<tr>
<td title='com.lordandTaylor.testsripts.LoginBaseFanctionality.setUp()'><b>setUp</b><br>Test class: com.lordandTaylor.testsripts.LoginBaseFanctionality</td>
<td></td>
<td>0</td>
<td>com.lordandTaylor.testsripts.LoginBaseFanctionality@19b5302d</td></tr>
<tr>
<td title='com.lordandTaylor.testsripts.LoginBaseFanctionality.tearDown()'><b>tearDown</b><br>Test class: com.lordandTaylor.testsripts.LoginBaseFanctionality</td>
<td></td>
<td>0</td>
<td>com.lordandTaylor.testsripts.LoginBaseFanctionality@19b5302d</td></tr>
<tr>
<td title='com.lordandTaylor.testsripts.LoginBaseFanctionality.afterMethod()'><b>afterMethod</b><br>Test class: com.lordandTaylor.testsripts.LoginBaseFanctionality</td>
<td></td>
<td>0</td>
<td>com.lordandTaylor.testsripts.LoginBaseFanctionality@19b5302d</td></tr>
<tr>
<td title='com.lordandTaylor.testsripts.LoginBaseFanctionality.tearDown()'><b>tearDown</b><br>Test class: com.lordandTaylor.testsripts.LoginBaseFanctionality</td>
<td></td>
<td>0</td>
<td>com.lordandTaylor.testsripts.LoginBaseFanctionality@19b5302d</td></tr>
<tr>
<td title='com.lordandTaylor.testsripts.LoginBaseFanctionality.afterMethod()'><b>afterMethod</b><br>Test class: com.lordandTaylor.testsripts.LoginBaseFanctionality</td>
<td></td>
<td>0</td>
<td>com.lordandTaylor.testsripts.LoginBaseFanctionality@19b5302d</td></tr>
<tr>
<td title='com.lordandTaylor.testsripts.LoginBaseFanctionality.tearDown()'><b>tearDown</b><br>Test class: com.lordandTaylor.testsripts.LoginBaseFanctionality</td>
<td></td>
<td>0</td>
<td>com.lordandTaylor.testsripts.LoginBaseFanctionality@19b5302d</td></tr>
<tr>
<td title='com.lordandTaylor.testsripts.LoginBaseFanctionality.afterMethod()'><b>afterMethod</b><br>Test class: com.lordandTaylor.testsripts.LoginBaseFanctionality</td>
<td></td>
<td>0</td>
<td>com.lordandTaylor.testsripts.LoginBaseFanctionality@19b5302d</td></tr>
<tr>
<td title='com.lordandTaylor.testsripts.LoginBaseFanctionality.tearDown()'><b>tearDown</b><br>Test class: com.lordandTaylor.testsripts.LoginBaseFanctionality</td>
<td></td>
<td>0</td>
<td>com.lordandTaylor.testsripts.LoginBaseFanctionality@19b5302d</td></tr>
<tr>
<td title='com.lordandTaylor.testsripts.LoginBaseFanctionality.afterMethod()'><b>afterMethod</b><br>Test class: com.lordandTaylor.testsripts.LoginBaseFanctionality</td>
<td></td>
<td>0</td>
<td>com.lordandTaylor.testsripts.LoginBaseFanctionality@19b5302d</td></tr>
</table><p>
<table width='100%' border='1' class='invocation-failed'>
<tr><td colspan='4' align='center'><b>FAILED TESTS</b></td></tr>
<tr><td><b>Test method</b></td>
<td width="30%"><b>Exception</b></td>
<td width="10%"><b>Time (seconds)</b></td>
<td><b>Instance</b></td>
</tr>
<tr>
<td title='com.lordandTaylor.testsripts.LoginBaseFanctionality.emtyInfologin()'><b>emtyInfologin</b><br>Test class: com.lordandTaylor.testsripts.LoginBaseFanctionality</td>
<td><div><pre>org.junit.ComparisonFailure: expected:&lt;[It appears that either the email address or password entered is incorrect. Please re-enter and submit the information.]&gt; but was:&lt;[[It appears that either the email address or password entered is incorrect. Please re-enter and submit the information.]]&gt;
	at org.junit.Assert.assertEquals(Assert.java:115)
	at org.junit.Assert.assertEquals(Assert.java:144)
	at com.paxotech.qa.lord.LoginBasePage.ivalidEamil(LoginBasePage.java:42)
	at com.lordandTaylor.testsripts.LoginBaseFanctionality.emtyInfologin(LoginBaseFanctionality.java:35)
	at sun.reflect.NativeMethodAccessorImpl.invoke0(Native Method)
	at sun.reflect.NativeMethodAccessorImpl.invoke(Unknown Source)
	at sun.reflect.DelegatingMethodAccessorImpl.invoke(Unknown Source)
	at java.lang.reflect.Method.invoke(Unknown Source)
	at org.testng.internal.MethodInvocationHelper.invokeMethod(MethodInvocationHelper.java:85)
	at org.testng.internal.Invoker.invokeMethod(Invoker.java:639)
	at org.testng.internal.Invoker.invokeTestMethod(Invoker.java:821)
	at org.testng.internal.Invoker.invokeTestMethods(Invoker.java:1131)
	at org.testng.internal.TestMethodWorker.invokeTestMethods(TestMethodWorker.java:124)
	at org.testng.internal.TestMethodWorker.run(TestMethodWorker.java:108)
	at org.testng.TestRunner.privateRun(TestRunner.java:773)
	at org.testng.TestRunner.run(TestRunner.java:623)
	at org.testng.SuiteRunner.runTest(SuiteRunner.java:357)
	at org.testng.SuiteRunner.access$000(SuiteRunner.java:39)
	at org.testng.SuiteRunner$SuiteWorker.run(SuiteRunner.java:391)
	at org.testng.internal.thread.ThreadUtil$2.call(ThreadUtil.java:64)
	at java.util.concurrent.FutureTask.run(Unknown Source)
	at java.util.concurrent.ThreadPoolExecutor.runWorker(Unknown Source)
	at java.util.concurrent.ThreadPoolExecutor$Worker.run(Unknown Source)
	at java.lang.Thread.run(Unknown Source)
</pre></div><a href='#' onClick='toggleBox("stack-trace941805408", this, "Click to show all stack frames", "Click to hide stack frames")'>Click to show all stack frames</a>
<div class='stack-trace' id='stack-trace941805408'><pre>org.junit.ComparisonFailure: expected:&lt;[It appears that either the email address or password entered is incorrect. Please re-enter and submit the information.]&gt; but was:&lt;[[It appears that either the email address or password entered is incorrect. Please re-enter and submit the information.]]&gt;
	at org.junit.Assert.assertEquals(Assert.java:115)
	at org.junit.Assert.assertEquals(Assert.java:144)
	at com.paxotech.qa.lord.LoginBasePage.ivalidEamil(LoginBasePage.java:42)
	at com.lordandTaylor.testsripts.LoginBaseFanctionality.emtyInfologin(LoginBaseFanctionality.java:35)
	at sun.reflect.NativeMethodAccessorImpl.invoke0(Native Method)
	at sun.reflect.NativeMethodAccessorImpl.invoke(Unknown Source)
	at sun.reflect.DelegatingMethodAccessorImpl.invoke(Unknown Source)
	at java.lang.reflect.Method.invoke(Unknown Source)
	at org.testng.internal.MethodInvocationHelper.invokeMethod(MethodInvocationHelper.java:85)
	at org.testng.internal.Invoker.invokeMethod(Invoker.java:639)
	at org.testng.internal.Invoker.invokeTestMethod(Invoker.java:821)
	at org.testng.internal.Invoker.invokeTestMethods(Invoker.java:1131)
	at org.testng.internal.TestMethodWorker.invokeTestMethods(TestMethodWorker.java:124)
	at org.testng.internal.TestMethodWorker.run(TestMethodWorker.java:108)
	at org.testng.TestRunner.privateRun(TestRunner.java:773)
	at org.testng.TestRunner.run(TestRunner.java:623)
	at org.testng.SuiteRunner.runTest(SuiteRunner.java:357)
	at org.testng.SuiteRunner.access$000(SuiteRunner.java:39)
	at org.testng.SuiteRunner$SuiteWorker.run(SuiteRunner.java:391)
	at org.testng.internal.thread.ThreadUtil$2.call(ThreadUtil.java:64)
	at java.util.concurrent.FutureTask.run(Unknown Source)
	at java.util.concurrent.ThreadPoolExecutor.runWorker(Unknown Source)
	at java.util.concurrent.ThreadPoolExecutor$Worker.run(Unknown Source)
	at java.lang.Thread.run(Unknown Source)
</pre></div></td>
<td>24</td>
<td>com.lordandTaylor.testsripts.LoginBaseFanctionality@19b5302d</td></tr>
</table><p>
<table width='100%' border='1' class='invocation-passed'>
<tr><td colspan='4' align='center'><b>PASSED TESTS</b></td></tr>
<tr><td><b>Test method</b></td>
<td width="30%"><b>Exception</b></td>
<td width="10%"><b>Time (seconds)</b></td>
<td><b>Instance</b></td>
</tr>
<tr>
<td title='com.lordandTaylor.testsripts.LoginBaseFanctionality.SmSAlart()'><b>SmSAlart</b><br>Test class: com.lordandTaylor.testsripts.LoginBaseFanctionality</td>
<td></td>
<td>12</td>
<td>com.lordandTaylor.testsripts.LoginBaseFanctionality@19b5302d</td></tr>
<tr>
<td title='com.lordandTaylor.testsripts.LoginBaseFanctionality.boundaryInfo()'><b>boundaryInfo</b><br>Test class: com.lordandTaylor.testsripts.LoginBaseFanctionality</td>
<td></td>
<td>24</td>
<td>com.lordandTaylor.testsripts.LoginBaseFanctionality@19b5302d</td></tr>
<tr>
<td title='com.lordandTaylor.testsripts.LoginBaseFanctionality.invalidEmailAddforReg()'><b>invalidEmailAddforReg</b><br>Test class: com.lordandTaylor.testsripts.LoginBaseFanctionality</td>
<td></td>
<td>24</td>
<td>com.lordandTaylor.testsripts.LoginBaseFanctionality@19b5302d</td></tr>
<tr>
<td title='com.lordandTaylor.testsripts.LoginBaseFanctionality.invalidRegistration()'><b>invalidRegistration</b><br>Test class: com.lordandTaylor.testsripts.LoginBaseFanctionality</td>
<td></td>
<td>39</td>
<td>com.lordandTaylor.testsripts.LoginBaseFanctionality@19b5302d</td></tr>
</table><p>
<table width='100%' border='1' class='invocation-skipped'>
<tr><td colspan='4' align='center'><b>SKIPPED TESTS</b></td></tr>
<tr><td><b>Test method</b></td>
<td width="30%"><b>Exception</b></td>
<td width="10%"><b>Time (seconds)</b></td>
<td><b>Instance</b></td>
</tr>
<tr>
<td title='com.lordandTaylor.testsripts.LoginBaseFanctionality.invlaidUerLogin()'><b>invlaidUerLogin</b><br>Test class: com.lordandTaylor.testsripts.LoginBaseFanctionality</td>
<td></td>
<td>0</td>
<td>com.lordandTaylor.testsripts.LoginBaseFanctionality@19b5302d</td></tr>
<tr>
<td title='com.lordandTaylor.testsripts.LoginBaseFanctionality.newMemberRegistration()'><b>newMemberRegistration</b><br>Test class: com.lordandTaylor.testsripts.LoginBaseFanctionality</td>
<td></td>
<td>0</td>
<td>com.lordandTaylor.testsripts.LoginBaseFanctionality@19b5302d</td></tr>
<tr>
<td title='com.lordandTaylor.testsripts.LoginBaseFanctionality.verifyhomepagefaunctionality()'><b>verifyhomepagefaunctionality</b><br>Test class: com.lordandTaylor.testsripts.LoginBaseFanctionality</td>
<td></td>
<td>0</td>
<td>com.lordandTaylor.testsripts.LoginBaseFanctionality@19b5302d</td></tr>
<tr>
<td title='com.lordandTaylor.testsripts.LoginBaseFanctionality.vlaidUerLogin()'><b>vlaidUerLogin</b><br>Test class: com.lordandTaylor.testsripts.LoginBaseFanctionality</td>
<td></td>
<td>0</td>
<td>com.lordandTaylor.testsripts.LoginBaseFanctionality@19b5302d</td></tr>
</table><p>
</body>
</html>